[debug] [2023-08-20T18:30:39.701Z] ----------------------------------------------------------------------
[debug] [2023-08-20T18:30:39.702Z] Command:       C:\Program Files\nodejs\node.exe C:\Users\james\AppData\Roaming\npm\node_modules\firebase-tools\lib\bin\firebase.js deploy --only functions
[debug] [2023-08-20T18:30:39.702Z] CLI Version:   12.4.8
[debug] [2023-08-20T18:30:39.703Z] Platform:      win32
[debug] [2023-08-20T18:30:39.703Z] Node Version:  v18.0.0
[debug] [2023-08-20T18:30:39.703Z] Time:          Sun Aug 20 2023 11:30:39 GMT-0700 (Pacific Daylight Time)
[debug] [2023-08-20T18:30:39.703Z] ----------------------------------------------------------------------
[debug] 
[debug] [2023-08-20T18:30:39.750Z] > command requires scopes: ["email","openid","https://www.googleapis.com/auth/cloudplatformprojects.readonly","https://www.googleapis.com/auth/firebase","https://www.googleapis.com/auth/cloud-platform"]
[debug] [2023-08-20T18:30:39.751Z] > authorizing via signed-in user (jamescoholan@gmail.com)
[debug] [2023-08-20T18:30:39.751Z] [iam] checking project nextgensolutions for permissions ["cloudfunctions.functions.create","cloudfunctions.functions.delete","cloudfunctions.functions.get","cloudfunctions.functions.list","cloudfunctions.functions.update","cloudfunctions.operations.get","firebase.projects.get"]
[debug] [2023-08-20T18:30:39.752Z] >>> [apiv2][query] POST https://cloudresourcemanager.googleapis.com/v1/projects/nextgensolutions:testIamPermissions [none]
[debug] [2023-08-20T18:30:39.752Z] >>> [apiv2][(partial)header] POST https://cloudresourcemanager.googleapis.com/v1/projects/nextgensolutions:testIamPermissions x-goog-quota-user=projects/nextgensolutions
[debug] [2023-08-20T18:30:39.752Z] >>> [apiv2][body] POST https://cloudresourcemanager.googleapis.com/v1/projects/nextgensolutions:testIamPermissions {"permissions":["cloudfunctions.functions.create","cloudfunctions.functions.delete","cloudfunctions.functions.get","cloudfunctions.functions.list","cloudfunctions.functions.update","cloudfunctions.operations.get","firebase.projects.get"]}
[debug] [2023-08-20T18:30:40.090Z] <<< [apiv2][status] POST https://cloudresourcemanager.googleapis.com/v1/projects/nextgensolutions:testIamPermissions 200
[debug] [2023-08-20T18:30:40.090Z] <<< [apiv2][body] POST https://cloudresourcemanager.googleapis.com/v1/projects/nextgensolutions:testIamPermissions {"permissions":["cloudfunctions.functions.create","cloudfunctions.functions.delete","cloudfunctions.functions.get","cloudfunctions.functions.list","cloudfunctions.functions.update","cloudfunctions.operations.get","firebase.projects.get"]}
[debug] [2023-08-20T18:30:40.090Z] >>> [apiv2][query] POST https://iam.googleapis.com/v1/projects/nextgensolutions/serviceAccounts/nextgensolutions@appspot.gserviceaccount.com:testIamPermissions [none]
[debug] [2023-08-20T18:30:40.090Z] >>> [apiv2][body] POST https://iam.googleapis.com/v1/projects/nextgensolutions/serviceAccounts/nextgensolutions@appspot.gserviceaccount.com:testIamPermissions {"permissions":["iam.serviceAccounts.actAs"]}
[debug] [2023-08-20T18:30:40.345Z] <<< [apiv2][status] POST https://iam.googleapis.com/v1/projects/nextgensolutions/serviceAccounts/nextgensolutions@appspot.gserviceaccount.com:testIamPermissions 200
[debug] [2023-08-20T18:30:40.345Z] <<< [apiv2][body] POST https://iam.googleapis.com/v1/projects/nextgensolutions/serviceAccounts/nextgensolutions@appspot.gserviceaccount.com:testIamPermissions {"permissions":["iam.serviceAccounts.actAs"]}
[info] 
[info] === Deploying to 'nextgensolutions'...
[info] 
[info] i  deploying functions 
[debug] [2023-08-20T18:30:40.347Z] >>> [apiv2][query] GET https://firebase.googleapis.com/v1beta1/projects/nextgensolutions [none]
[debug] [2023-08-20T18:30:40.678Z] <<< [apiv2][status] GET https://firebase.googleapis.com/v1beta1/projects/nextgensolutions 200
[debug] [2023-08-20T18:30:40.678Z] <<< [apiv2][body] GET https://firebase.googleapis.com/v1beta1/projects/nextgensolutions {"projectId":"nextgensolutions","projectNumber":"95410229259","displayName":"nextgentemplate","name":"projects/nextgensolutions","resources":{"hostingSite":"nextgensolutions","realtimeDatabaseInstance":"nextgensolutions-default-rtdb","storageBucket":"nextgensolutions.appspot.com","locationId":"us-central"},"state":"ACTIVE","etag":"1_0eaff261-1d7a-464b-920e-0afa858f8484"}
[info] i  functions: preparing codebase default for deployment 
[info] i  functions: ensuring required API cloudfunctions.googleapis.com is enabled... 
[info] i  functions: ensuring required API cloudbuild.googleapis.com is enabled... 
[info] i  artifactregistry: ensuring required API artifactregistry.googleapis.com is enabled... 
[debug] [2023-08-20T18:30:40.680Z] >>> [apiv2][query] GET https://serviceusage.googleapis.com/v1/projects/nextgensolutions/services/cloudfunctions.googleapis.com [none]
[debug] [2023-08-20T18:30:40.680Z] >>> [apiv2][(partial)header] GET https://serviceusage.googleapis.com/v1/projects/nextgensolutions/services/cloudfunctions.googleapis.com x-goog-quota-user=projects/nextgensolutions
[debug] [2023-08-20T18:30:40.681Z] >>> [apiv2][query] GET https://serviceusage.googleapis.com/v1/projects/nextgensolutions/services/runtimeconfig.googleapis.com [none]
[debug] [2023-08-20T18:30:40.681Z] >>> [apiv2][(partial)header] GET https://serviceusage.googleapis.com/v1/projects/nextgensolutions/services/runtimeconfig.googleapis.com x-goog-quota-user=projects/nextgensolutions
[debug] [2023-08-20T18:30:40.684Z] >>> [apiv2][query] GET https://serviceusage.googleapis.com/v1/projects/nextgensolutions/services/cloudbuild.googleapis.com [none]
[debug] [2023-08-20T18:30:40.684Z] >>> [apiv2][(partial)header] GET https://serviceusage.googleapis.com/v1/projects/nextgensolutions/services/cloudbuild.googleapis.com x-goog-quota-user=projects/nextgensolutions
[debug] [2023-08-20T18:30:40.686Z] >>> [apiv2][query] GET https://serviceusage.googleapis.com/v1/projects/nextgensolutions/services/artifactregistry.googleapis.com [none]
[debug] [2023-08-20T18:30:40.686Z] >>> [apiv2][(partial)header] GET https://serviceusage.googleapis.com/v1/projects/nextgensolutions/services/artifactregistry.googleapis.com x-goog-quota-user=projects/nextgensolutions
[debug] [2023-08-20T18:30:41.109Z] <<< [apiv2][status] GET https://serviceusage.googleapis.com/v1/projects/nextgensolutions/services/runtimeconfig.googleapis.com 200
[debug] [2023-08-20T18:30:41.109Z] <<< [apiv2][body] GET https://serviceusage.googleapis.com/v1/projects/nextgensolutions/services/runtimeconfig.googleapis.com [omitted]
[debug] [2023-08-20T18:30:41.139Z] <<< [apiv2][status] GET https://serviceusage.googleapis.com/v1/projects/nextgensolutions/services/artifactregistry.googleapis.com 200
[debug] [2023-08-20T18:30:41.139Z] <<< [apiv2][body] GET https://serviceusage.googleapis.com/v1/projects/nextgensolutions/services/artifactregistry.googleapis.com [omitted]
[info] +  artifactregistry: required API artifactregistry.googleapis.com is enabled 
[debug] [2023-08-20T18:30:41.143Z] <<< [apiv2][status] GET https://serviceusage.googleapis.com/v1/projects/nextgensolutions/services/cloudfunctions.googleapis.com 200
[debug] [2023-08-20T18:30:41.143Z] <<< [apiv2][body] GET https://serviceusage.googleapis.com/v1/projects/nextgensolutions/services/cloudfunctions.googleapis.com [omitted]
[info] +  functions: required API cloudfunctions.googleapis.com is enabled 
[debug] [2023-08-20T18:30:41.144Z] <<< [apiv2][status] GET https://serviceusage.googleapis.com/v1/projects/nextgensolutions/services/cloudbuild.googleapis.com 200
[debug] [2023-08-20T18:30:41.144Z] <<< [apiv2][body] GET https://serviceusage.googleapis.com/v1/projects/nextgensolutions/services/cloudbuild.googleapis.com [omitted]
[info] +  functions: required API cloudbuild.googleapis.com is enabled 
[debug] [2023-08-20T18:30:41.145Z] >>> [apiv2][query] GET https://firebase.googleapis.com/v1beta1/projects/nextgensolutions/adminSdkConfig [none]
[debug] [2023-08-20T18:30:41.500Z] <<< [apiv2][status] GET https://firebase.googleapis.com/v1beta1/projects/nextgensolutions/adminSdkConfig 200
[debug] [2023-08-20T18:30:41.500Z] <<< [apiv2][body] GET https://firebase.googleapis.com/v1beta1/projects/nextgensolutions/adminSdkConfig {"projectId":"nextgensolutions","databaseURL":"https://nextgensolutions-default-rtdb.firebaseio.com","storageBucket":"nextgensolutions.appspot.com","locationId":"us-central"}
[debug] [2023-08-20T18:30:41.500Z] >>> [apiv2][query] GET https://runtimeconfig.googleapis.com/v1beta1/projects/nextgensolutions/configs [none]
[debug] [2023-08-20T18:30:41.680Z] <<< [apiv2][status] GET https://runtimeconfig.googleapis.com/v1beta1/projects/nextgensolutions/configs 200
[debug] [2023-08-20T18:30:41.681Z] <<< [apiv2][body] GET https://runtimeconfig.googleapis.com/v1beta1/projects/nextgensolutions/configs {"configs":[{"name":"projects/nextgensolutions/configs/env"},{"name":"projects/nextgensolutions/configs/elevenlabs"}]}
[debug] [2023-08-20T18:30:41.681Z] >>> [apiv2][query] GET https://runtimeconfig.googleapis.com/v1beta1/projects/nextgensolutions/configs/env/variables [none]
[debug] [2023-08-20T18:30:41.685Z] >>> [apiv2][query] GET https://runtimeconfig.googleapis.com/v1beta1/projects/nextgensolutions/configs/elevenlabs/variables [none]
[debug] [2023-08-20T18:30:41.831Z] <<< [apiv2][status] GET https://runtimeconfig.googleapis.com/v1beta1/projects/nextgensolutions/configs/elevenlabs/variables 200
[debug] [2023-08-20T18:30:41.832Z] <<< [apiv2][body] GET https://runtimeconfig.googleapis.com/v1beta1/projects/nextgensolutions/configs/elevenlabs/variables {"variables":[{"name":"projects/nextgensolutions/configs/elevenlabs/variables/key","updateTime":"2023-08-18T03:42:16.451197505Z"}]}
[debug] [2023-08-20T18:30:41.832Z] >>> [apiv2][query] GET https://runtimeconfig.googleapis.com/v1beta1/projects/nextgensolutions/configs/elevenlabs/variables/key [none]
[debug] [2023-08-20T18:30:41.836Z] <<< [apiv2][status] GET https://runtimeconfig.googleapis.com/v1beta1/projects/nextgensolutions/configs/env/variables 200
[debug] [2023-08-20T18:30:41.836Z] <<< [apiv2][body] GET https://runtimeconfig.googleapis.com/v1beta1/projects/nextgensolutions/configs/env/variables {"variables":[{"name":"projects/nextgensolutions/configs/env/variables/mode","updateTime":"2023-08-20T18:08:29.612876753Z"}]}
[debug] [2023-08-20T18:30:41.836Z] >>> [apiv2][query] GET https://runtimeconfig.googleapis.com/v1beta1/projects/nextgensolutions/configs/env/variables/mode [none]
[debug] [2023-08-20T18:30:42.019Z] <<< [apiv2][status] GET https://runtimeconfig.googleapis.com/v1beta1/projects/nextgensolutions/configs/elevenlabs/variables/key 200
[debug] [2023-08-20T18:30:42.019Z] <<< [apiv2][body] GET https://runtimeconfig.googleapis.com/v1beta1/projects/nextgensolutions/configs/elevenlabs/variables/key {"name":"projects/nextgensolutions/configs/elevenlabs/variables/key","updateTime":"2023-08-18T03:42:16.451197505Z","text":"0e8e4a935c3e0f56f31041dfc475fbca"}
[debug] [2023-08-20T18:30:42.034Z] <<< [apiv2][status] GET https://runtimeconfig.googleapis.com/v1beta1/projects/nextgensolutions/configs/env/variables/mode 200
[debug] [2023-08-20T18:30:42.034Z] <<< [apiv2][body] GET https://runtimeconfig.googleapis.com/v1beta1/projects/nextgensolutions/configs/env/variables/mode {"name":"projects/nextgensolutions/configs/env/variables/mode","updateTime":"2023-08-20T18:08:29.612876753Z","text":"production"}
[debug] [2023-08-20T18:30:42.035Z] Validating nodejs source
[debug] [2023-08-20T18:30:43.027Z] > [functions] package.json contents: {
  "name": "functions",
  "description": "Cloud Functions for Firebase",
  "scripts": {
    "serve": "firebase emulators:start --only functions",
    "shell": "firebase functions:shell",
    "start": "npm run shell",
    "deploy": "firebase deploy --only functions",
    "logs": "firebase functions:log"
  },
  "engines": {
    "node": "18"
  },
  "main": "index.js",
  "dependencies": {
    "cors": "^2.8.5",
    "dotenv": "^16.3.1",
    "express": "^4.18.2",
    "firebase-admin": "^11.10.1",
    "firebase-functions": "^4.3.1",
    "stripe": "^13.2.0",
    "axios": "^0.25.0"
  },
  "devDependencies": {
    "firebase-functions-test": "^3.1.0"
  },
  "private": true
}
[debug] [2023-08-20T18:30:43.027Z] Building nodejs source
[info] i  functions: Loading and analyzing source code for codebase default to determine what to deploy 
[debug] [2023-08-20T18:30:43.028Z] Could not find functions.yaml. Must use http discovery
[debug] [2023-08-20T18:30:43.035Z] Found firebase-functions binary at 'C:\Users\james\Desktop\my-firebase-app\functions\node_modules\.bin\firebase-functions'
[info] Serving at port 8456

[info] Function environment: {
  CLOUD_RUNTIME_CONFIG: '{"firebase":{"projectId":"nextgensolutions","databaseURL":"https://nextgensolutions-default-rtdb.firebaseio.com","storageBucket":"nextgensolutions.appspot.com","locationId":"us-central"},"elevenlabs":{"key":"0e8e4a935c3e0f56f31041dfc475fbca"},"env":{"mode":"production"}}',
  COMSPEC: 'C:\\WINDOWS\\system32\\cmd.exe',
  FIREBASE_CONFIG: '{"projectId":"nextgensolutions","databaseURL":"https://nextgensolutions-default-rtdb.firebaseio.com","storageBucket":"nextgensolutions.appspot.com","locationId":"us-central"}',
  FUNCTIONS_CONTROL_API: 'true',
  GCLOUD_PROJECT: 'nextgensolutions',
  GOOGLE_CLOUD_QUOTA_PROJECT: 'nextgensolutions',
  HOME: 'C:\\Users\\james',
  HOMEDRIVE: 'C:',
  HOMEPATH: '\\Users\\james',
  LOGONSERVER: '\\\\JAMESCOHOLAN',
  PATH: 'C:\\Users\\james\\anaconda3;C:\\Users\\james\\anaconda3\\Library\\mingw-w64\\bin;C:\\Users\\james\\anaconda3\\Library\\usr\\bin;C:\\Users\\james\\anaconda3\\Library\\bin;C:\\Users\\james\\anaconda3\\Scripts;C:\\Users\\james\\anaconda3\\bin;C:\\Program Files\\Common Files\\Oracle\\Java\\javapath;C:\\Program Files\\Common Files\\Oracle\\Java\\javapath;C:\\Program Files\\Common Files\\Oracle\\Java\\javapath;C:\\WINDOWS\\System32;C:\\Program Files\\heroku\\bin;C:\\WINDOWS\\system32;C:\\WINDOWS;C:\\WINDOWS\\System32\\Wbem;C:\\WINDOWS\\System32\\WindowsPowerShell\\v1.0;C:\\WINDOWS\\System32\\OpenSSH;C:\\Program Files\\Microsoft SQL Server\\150\\Tools\\Binn;C:\\Program Files\\Microsoft SQL Server\\Client SDK\\ODBC\\170\\Tools\\Binn;C:\\Program Files\\dotnet;C:\\Users\\james\\anaconda3\\Scripts;C:\\Program Files\\Java\\jdk-11\\bin;C:\\Program Files\\Java\\jdk-11\\bin;%NVM_HOME%;%NVM_SYMLINK%;C:\\Program Files\\heroku\\bin;C:\\WINDOWS\\system32;C:\\WINDOWS;C:\\WINDOWS\\System32\\Wbem;C:\\WINDOWS\\System32\\WindowsPowerShell\\v1.0;C:\\WINDOWS\\System32\\OpenSSH;C:\\Program Files\\Microsoft SQL Server\\150\\Tools\\Binn;C:\\Program Files\\Microsoft SQL Server\\Client SDK\\ODBC\\170\\Tools\\Binn;C:\\Program Files\\dotnet;C:\\Users\\james\\anaconda3\\Scripts;C:\\Program Files\\Java\\jdk-11\\bin;C:\\Program Files\\Java\\jdk-11\\bin;C:\\Users\\james\\AppData\\Roaming\\nvm;C:\\Program Files\\nodejs;C:\\Program Files\\heroku\\bin;C:\\WINDOWS\\system32;C:\\WINDOWS;C:\\WINDOWS\\System32\\Wbem;C:\\WINDOWS\\System32\\WindowsPowerShell\\v1.0;C:\\WINDOWS\\System32\\OpenSSH;C:\\Program Files\\Microsoft SQL Server\\150\\Tools\\Binn;C:\\Program Files\\Microsoft SQL Server\\Client SDK\\ODBC\\170\\Tools\\Binn;C:\\Program Files\\dotnet;C:\\Users\\james\\anaconda3\\Scripts;C:\\Program Files\\Java\\jdk-11\\bin;C:\\Program Files\\Java\\jdk-11\\bin;C:\\Users\\james\\AppData\\Roaming\\nvm;C:\\Program Files\\nodejs;C:\\Users\\james\\AppData\\Local\\Programs\\Python\\Python311-32\\Scripts;C:\\Users\\james\\AppData\\Local\\Programs\\Python\\Python311-32;C:\\Users\\james\\anaconda3;C:\\Users\\james\\anaconda3\\Library\\mingw-w64\\bin;C:\\Users\\james\\anaconda3\\Library\\usr\\bin;C:\\Users\\james\\anaconda3\\Library\\bin;C:\\Users\\james\\anaconda3\\Scripts;C:\\Users\\james\\anaconda3\\bin;C:\\Users\\james\\anaconda3\\condabin;C:\\Program Files\\Common Files\\Oracle\\Java\\javapath;C:\\Program Files\\Common Files\\Oracle\\Java\\javapath;C:\\Program Files\\Common Files\\Oracle\\Java\\javapath;C:\\WINDOWS\\System32;C:\\Program Files\\heroku\\bin;C:\\WINDOWS\\system32;C:\\WINDOWS;C:\\WINDOWS\\System32\\Wbem;C:\\WINDOWS\\System32\\WindowsPowerShell\\v1.0;C:\\WINDOWS\\System32\\OpenSSH;C:\\Program Files\\Microsoft SQL Server\\150\\Tools\\Binn;C:\\Program Files\\Microsoft SQL Server\\Client SDK\\ODBC\\170\\Tools\\Binn;C:\\Program Files\\dotnet;C:\\Users\\james\\anaconda3\\Scripts;C:\\Program Files\\Java\\jdk-11\\bin;C:\\Program Files\\Java\\jdk-11\\bin;%NVM_HOME%;%NVM_SYMLINK%;C:\\Program Files\\heroku\\bin;C:\\WINDOWS\\system32;C:\\WINDOWS;C:\\WINDOWS\\System32\\Wbem;C:\\WINDOWS\\System32\\WindowsPowerShell\\v1.0;C:\\WINDOWS\\System32\\OpenSSH;C:\\Program Files\\Microsoft SQL Server\\150\\Tools\\Binn;C:\\Program Files\\Microsoft SQL Server\\Client SDK\\ODBC\\170\\Tools\\Binn;C:\\Program Files\\dotnet;C:\\Users\\james\\anaconda3\\Scripts;C:\\Program Files\\Java\\jdk-11\\bin;C:\\Program Files\\Java\\jdk-11\\bin;C:\\Users\\james\\AppData\\Roaming\\nvm;C:\\Program Files\\nodejs;C:\\Program Files\\heroku\\bin;C:\\WINDOWS\\system32;C:\\WINDOWS;C:\\WINDOWS\\System32\\Wbem;C:\\WINDOWS\\System32\\WindowsPowerShell\\v1.0;C:\\WINDOWS\\System32\\OpenSSH;C:\\Program Files\\Microsoft SQL Server\\150\\Tools\\Binn;C:\\Program Files\\Microsoft SQL Server\\Client SDK\\ODBC\\170\\Tools\\Binn;C:\\Program Files\\dotnet;C:\\Users\\james\\anaconda3\\Scripts;C:\\Program Files\\Java\\jdk-11\\bin;C:\\Program Files\\Java\\jdk-11\\bin;C:\\Users\\james\\AppData\\Roaming\\nvm;C:\\Program Files\\nodejs;C:\\Program Files\\heroku\\bin;C:\\WINDOWS\\system32;C:\\WINDOWS;C:\\WINDOWS\\System32\\Wbem;C:\\WINDOWS\\System32\\WindowsPowerShell\\v1.0;C:\\WINDOWS\\System32\\OpenSSH;C:\\Program Files\\Microsoft SQL Server\\150\\Tools\\Binn;C:\\Program Files\\Microsoft SQL Server\\Client SDK\\ODBC\\170\\Tools\\Binn;C:\\Program Files\\dotnet;C:\\Program Files\\NVIDIA GPU Computing Toolkit\\CUDA\\v12.1\\bin;C:\\Program Files\\NVIDIA GPU Computing Toolkit\\CUDA\\v12.1\\libnvvp;C:\\Program Files\\ImageMagick-7.1.1-Q16-HDRI;C:\\Python310\\Scripts;C:\\Python310;C:\\Program Files (x86)\\Common Files\\Intel\\Shared Libraries\\redist\\intel64\\compiler;C:\\Windows\\system32;C:\\Windows;C:\\Windows\\System32\\Wbem;C:\\Windows\\System32\\WindowsPowerShell\\v1.0;C:\\Windows\\System32\\OpenSSH;C:\\Program Files (x86)\\NVIDIA Corporation\\PhysX\\Common;C:\\Program Files\\NVIDIA Corporation\\NVIDIA NvDLISR;C:\\Program Files\\Git\\cmd;C:\\ProgramData\\chocolatey\\bin;C:\\Users\\james\\AppData\\Local\\Microsoft\\WindowsApps;C:\\Users\\james\\AppData\\Local\\Programs\\Microsoft VS Code\\bin;C:\\Users\\james\\AppData\\Local\\GitHubDesktop\\bin;C:\\Users\\james\\AppData\\Roaming\\npm;C:\\ffpmeg\\bin;.;C:\\Program Files\\Tailscale;C:\\Program Files\\NVIDIA Corporation\\Nsight Compute 2023.1.0;C:\\Program Files\\Docker\\Docker\\resources\\bin;C:\\Program Files\\Amazon\\AWSCLIV2;C:\\Users\\james\\scoop\\shims;C:\\Users\\james\\AppData\\Local\\Programs\\Python\\Python311\\Scripts;C:\\Users\\james\\AppData\\Local\\Programs\\Python\\Python311;C:\\Program Files\\NVIDIA Corpor;C:\\Users\\james\\AppData\\Local\\Google\\Cloud SDK\\google-cloud-sdk\\bin;C:\\Users\\james\\.dotnet\\tools;C:\\Program Files (x86)\\eSpeak;C:\\Users\\james\\AppData\\Local\\Microsoft\\WindowsApps;C:\\Users\\james\\AppData\\Roaming\\nvm;C:\\Program Files\\nodejs;C:\\Users\\james\\anaconda3\\Scripts\\',
  PATHEXT: '.COM;.EXE;.BAT;.CMD;.VBS;.JS;.WS;.MSC',
  PORT: '8456',
  PROMPT: '$P$G',
  SYSTEMDRIVE: 'C:',
  SYSTEMROOT: 'C:\\WINDOWS',
  TEMP: 'C:\\Users\\james\\AppData\\Local\\Temp',
  USERDOMAIN: 'JamesCoholan',
  USERNAME: 'jamescoholan',
  USERPROFILE: 'C:\\Users\\james',
  WINDIR: 'C:\\WINDOWS'
}

[debug] [2023-08-20T18:30:43.373Z] Got response from /__/functions.yaml {"endpoints":{"textToSpeech":{"platform":"gcfv1","availableMemoryMb":null,"timeoutSeconds":null,"minInstances":null,"maxInstances":null,"ingressSettings":null,"serviceAccountEmail":null,"vpc":null,"httpsTrigger":{},"entryPoint":"textToSpeech"},"checkAccess":{"platform":"gcfv1","availableMemoryMb":null,"timeoutSeconds":null,"minInstances":null,"maxInstances":null,"ingressSettings":null,"serviceAccountEmail":null,"vpc":null,"httpsTrigger":{},"entryPoint":"checkAccess"}},"specVersion":"v1alpha1","requiredAPIs":[]}
[info] Imported functions from elevenLabsHandler: { handleElevenLabsRequest: [AsyncFunction: handleElevenLabsRequest] }

[info] shutdown requested via /__/quitquitquit

[info] i  functions: preparing functions directory for uploading... 
[info] i  functions: packaged C:\Users\james\Desktop\my-firebase-app\functions (71.79 KB) for uploading 
[debug] [2023-08-20T18:30:43.421Z] >>> [apiv2][query] GET https://cloudfunctions.googleapis.com/v1/projects/nextgensolutions/locations/-/functions [none]
[debug] [2023-08-20T18:30:43.887Z] <<< [apiv2][status] GET https://cloudfunctions.googleapis.com/v1/projects/nextgensolutions/locations/-/functions 200
[debug] [2023-08-20T18:30:43.887Z] <<< [apiv2][body] GET https://cloudfunctions.googleapis.com/v1/projects/nextgensolutions/locations/-/functions {"functions":[{"name":"projects/nextgensolutions/locations/us-central1/functions/checkAccess","httpsTrigger":{"url":"https://us-central1-nextgensolutions.cloudfunctions.net/checkAccess","securityLevel":"SECURE_ALWAYS"},"status":"ACTIVE","entryPoint":"checkAccess","timeout":"60s","availableMemoryMb":256,"serviceAccountEmail":"nextgensolutions@appspot.gserviceaccount.com","updateTime":"2023-08-20T18:10:17.052Z","versionId":"11","labels":{"deployment-tool":"cli-firebase","firebase-functions-hash":"5ccbfeac74d21159d3de87d889d77d1e457a9907"},"sourceUploadUrl":"https://storage.googleapis.com/uploads-382601354450.us-central1.cloudfunctions.appspot.com/051eda90-7059-4071-b13e-7010df7702c0.zip","environmentVariables":{"FIREBASE_CONFIG":"{\"projectId\":\"nextgensolutions\",\"databaseURL\":\"https://nextgensolutions-default-rtdb.firebaseio.com\",\"storageBucket\":\"nextgensolutions.appspot.com\",\"locationId\":\"us-central\"}","GCLOUD_PROJECT":"nextgensolutions","EVENTARC_CLOUD_EVENT_SOURCE":"projects/nextgensolutions/locations/us-central1/functions/checkAccess"},"runtime":"nodejs18","ingressSettings":"ALLOW_ALL","buildId":"d2849232-a5ac-4a88-a5f0-9194e5784247","buildEnvironmentVariables":{"GOOGLE_NODE_RUN_SCRIPTS":""},"buildName":"projects/95410229259/locations/us-central1/builds/d2849232-a5ac-4a88-a5f0-9194e5784247","dockerRegistry":"ARTIFACT_REGISTRY"},{"name":"projects/nextgensolutions/locations/us-central1/functions/textToSpeech","httpsTrigger":{"url":"https://us-central1-nextgensolutions.cloudfunctions.net/textToSpeech","securityLevel":"SECURE_ALWAYS"},"status":"ACTIVE","entryPoint":"textToSpeech","timeout":"120s","availableMemoryMb":1024,"serviceAccountEmail":"nextgensolutions@appspot.gserviceaccount.com","updateTime":"2023-08-20T18:25:30.493Z","versionId":"15","labels":{"deployment-tool":"cli-firebase","firebase-functions-hash":"5ccbfeac74d21159d3de87d889d77d1e457a9907"},"sourceUploadUrl":"https://storage.googleapis.com/uploads-382601354450.us-central1.cloudfunctions.appspot.com/74420464-bffc-474e-ba18-9bfff9fc2bf6.zip","environmentVariables":{"FIREBASE_CONFIG":"{\"projectId\":\"nextgensolutions\",\"databaseURL\":\"https://nextgensolutions-default-rtdb.firebaseio.com\",\"storageBucket\":\"nextgensolutions.appspot.com\",\"locationId\":\"us-central\"}","GCLOUD_PROJECT":"nextgensolutions","EVENTARC_CLOUD_EVENT_SOURCE":"projects/nextgensolutions/locations/us-central1/functions/textToSpeech","ELEVEN_LABS_API_KEY":"0e8e4a935c3e0f56f31041dfc475fbca"},"runtime":"nodejs18","maxInstances":3,"ingressSettings":"ALLOW_ALL","buildId":"d930ea94-0a26-49f7-8130-4c5d3df0a60b","buildEnvironmentVariables":{"GOOGLE_NODE_RUN_SCRIPTS":""},"buildName":"projects/95410229259/locations/us-central1/builds/d930ea94-0a26-49f7-8130-4c5d3df0a60b","dockerRegistry":"ARTIFACT_REGISTRY"}]}
[debug] [2023-08-20T18:30:43.888Z] >>> [apiv2][query] GET https://cloudfunctions.googleapis.com/v2/projects/nextgensolutions/locations/-/functions filter=environment%3D%22GEN_2%22
[debug] [2023-08-20T18:30:44.519Z] <<< [apiv2][status] GET https://cloudfunctions.googleapis.com/v2/projects/nextgensolutions/locations/-/functions 200
[debug] [2023-08-20T18:30:44.519Z] <<< [apiv2][body] GET https://cloudfunctions.googleapis.com/v2/projects/nextgensolutions/locations/-/functions {}
[debug] [2023-08-20T18:30:44.522Z] >>> [apiv2][query] GET https://firebase.googleapis.com/v1beta1/projects/nextgensolutions [none]
[debug] [2023-08-20T18:30:44.721Z] <<< [apiv2][status] GET https://firebase.googleapis.com/v1beta1/projects/nextgensolutions 200
[debug] [2023-08-20T18:30:44.722Z] <<< [apiv2][body] GET https://firebase.googleapis.com/v1beta1/projects/nextgensolutions {"projectId":"nextgensolutions","projectNumber":"95410229259","displayName":"nextgentemplate","name":"projects/nextgensolutions","resources":{"hostingSite":"nextgensolutions","realtimeDatabaseInstance":"nextgensolutions-default-rtdb","storageBucket":"nextgensolutions.appspot.com","locationId":"us-central"},"state":"ACTIVE","etag":"1_0eaff261-1d7a-464b-920e-0afa858f8484"}
[debug] [2023-08-20T18:30:44.723Z] >>> [apiv2][query] POST https://cloudfunctions.googleapis.com/v1/projects/nextgensolutions/locations/us-central1/functions:generateUploadUrl [none]
[debug] [2023-08-20T18:30:44.723Z] >>> [apiv2][body] POST https://cloudfunctions.googleapis.com/v1/projects/nextgensolutions/locations/us-central1/functions:generateUploadUrl {}
[debug] [2023-08-20T18:30:45.237Z] <<< [apiv2][status] POST https://cloudfunctions.googleapis.com/v1/projects/nextgensolutions/locations/us-central1/functions:generateUploadUrl 200
[debug] [2023-08-20T18:30:45.237Z] <<< [apiv2][body] POST https://cloudfunctions.googleapis.com/v1/projects/nextgensolutions/locations/us-central1/functions:generateUploadUrl {"uploadUrl":"https://storage.googleapis.com/uploads-382601354450.us-central1.cloudfunctions.appspot.com/8bd06666-a4c4-4ecf-93db-7de67a9a68a6.zip?GoogleAccessId=service-95410229259@gcf-admin-robot.iam.gserviceaccount.com&Expires=1692558042&Signature=KMs1LbRKxWKsIvmSXBxv9%2FeigtKKg8s4%2FFERVHS5HxWz9iqp8VNLU0hpIudAfO2gxqj1rV8OmiwNUeYUw4pByZC1yZEG5ocFEkvDHUUdL1c7rakvUYue6NvNAXnedtdmFKCEiJ9o2Bmgg3PdwCo5H45BlgaA%2FIK6ndaDfza6bTDMGKyAo076BlDuFg5915FdhVYv3ky12mHg%2FDK2xVqbwf%2BhCLLoTMa7kWvQZNcDFF0gaibnDYOUpD%2BKJ4PFxM%2FEl2XdQRVdYsrPKqhNAPNF7KafSbsVb%2BsNTA67AAcpXRW4jkV9h3fqJQCnjId9dDwRD%2FA7sSra4u5ULoS3Ne%2F6MQ%3D%3D"}
[debug] [2023-08-20T18:30:45.238Z] >>> [apiv2][query] PUT https://storage.googleapis.com/uploads-382601354450.us-central1.cloudfunctions.appspot.com/8bd06666-a4c4-4ecf-93db-7de67a9a68a6.zip GoogleAccessId=service-95410229259%40gcf-admin-robot.iam.gserviceaccount.com&Expires=1692558042&Signature=KMs1LbRKxWKsIvmSXBxv9%2FeigtKKg8s4%2FFERVHS5HxWz9iqp8VNLU0hpIudAfO2gxqj1rV8OmiwNUeYUw4pByZC1yZEG5ocFEkvDHUUdL1c7rakvUYue6NvNAXnedtdmFKCEiJ9o2Bmgg3PdwCo5H45BlgaA%2FIK6ndaDfza6bTDMGKyAo076BlDuFg5915FdhVYv3ky12mHg%2FDK2xVqbwf%2BhCLLoTMa7kWvQZNcDFF0gaibnDYOUpD%2BKJ4PFxM%2FEl2XdQRVdYsrPKqhNAPNF7KafSbsVb%2BsNTA67AAcpXRW4jkV9h3fqJQCnjId9dDwRD%2FA7sSra4u5ULoS3Ne%2F6MQ%3D%3D
[debug] [2023-08-20T18:30:45.238Z] >>> [apiv2][body] PUT https://storage.googleapis.com/uploads-382601354450.us-central1.cloudfunctions.appspot.com/8bd06666-a4c4-4ecf-93db-7de67a9a68a6.zip [stream]
[debug] [2023-08-20T18:30:45.799Z] <<< [apiv2][status] PUT https://storage.googleapis.com/uploads-382601354450.us-central1.cloudfunctions.appspot.com/8bd06666-a4c4-4ecf-93db-7de67a9a68a6.zip 200
[debug] [2023-08-20T18:30:45.799Z] <<< [apiv2][body] PUT https://storage.googleapis.com/uploads-382601354450.us-central1.cloudfunctions.appspot.com/8bd06666-a4c4-4ecf-93db-7de67a9a68a6.zip [omitted]
[info] +  functions: functions folder uploaded successfully 
[info] i  functions: updating Node.js 18 (1st Gen) function textToSpeech(us-central1)... 
[info] i  functions: updating Node.js 18 (1st Gen) function checkAccess(us-central1)... 
[debug] [2023-08-20T18:30:45.804Z] >>> [apiv2][query] PATCH https://cloudfunctions.googleapis.com/v1/projects/nextgensolutions/locations/us-central1/functions/textToSpeech updateMask=name%2CsourceUploadUrl%2CentryPoint%2Cruntime%2CdockerRegistry%2Clabels%2ChttpsTrigger.securityLevel%2CminInstances%2CmaxInstances%2CingressSettings%2CenvironmentVariables%2CserviceAccountEmail%2CavailableMemoryMb%2Ctimeout%2CvpcConnector%2CvpcConnectorEgressSettings%2CsourceToken%2CbuildEnvironmentVariables
[debug] [2023-08-20T18:30:45.804Z] >>> [apiv2][body] PATCH https://cloudfunctions.googleapis.com/v1/projects/nextgensolutions/locations/us-central1/functions/textToSpeech {"name":"projects/nextgensolutions/locations/us-central1/functions/textToSpeech","sourceUploadUrl":"https://storage.googleapis.com/uploads-382601354450.us-central1.cloudfunctions.appspot.com/8bd06666-a4c4-4ecf-93db-7de67a9a68a6.zip?GoogleAccessId=service-95410229259@gcf-admin-robot.iam.gserviceaccount.com&Expires=1692558042&Signature=KMs1LbRKxWKsIvmSXBxv9%2FeigtKKg8s4%2FFERVHS5HxWz9iqp8VNLU0hpIudAfO2gxqj1rV8OmiwNUeYUw4pByZC1yZEG5ocFEkvDHUUdL1c7rakvUYue6NvNAXnedtdmFKCEiJ9o2Bmgg3PdwCo5H45BlgaA%2FIK6ndaDfza6bTDMGKyAo076BlDuFg5915FdhVYv3ky12mHg%2FDK2xVqbwf%2BhCLLoTMa7kWvQZNcDFF0gaibnDYOUpD%2BKJ4PFxM%2FEl2XdQRVdYsrPKqhNAPNF7KafSbsVb%2BsNTA67AAcpXRW4jkV9h3fqJQCnjId9dDwRD%2FA7sSra4u5ULoS3Ne%2F6MQ%3D%3D","entryPoint":"textToSpeech","runtime":"nodejs18","dockerRegistry":"ARTIFACT_REGISTRY","labels":{"deployment-tool":"cli-firebase","firebase-functions-hash":"94e914e15784a8f9eeaa9d6ac7718268ebbc4f05"},"httpsTrigger":{"securityLevel":"SECURE_ALWAYS"},"minInstances":null,"maxInstances":null,"ingressSettings":null,"environmentVariables":{"FIREBASE_CONFIG":"{\"projectId\":\"nextgensolutions\",\"databaseURL\":\"https://nextgensolutions-default-rtdb.firebaseio.com\",\"storageBucket\":\"nextgensolutions.appspot.com\",\"locationId\":\"us-central\"}","GCLOUD_PROJECT":"nextgensolutions","EVENTARC_CLOUD_EVENT_SOURCE":"projects/nextgensolutions/locations/us-central1/functions/textToSpeech","ELEVEN_LABS_API_KEY":"0e8e4a935c3e0f56f31041dfc475fbca"},"serviceAccountEmail":null,"availableMemoryMb":null,"timeout":null,"vpcConnector":null,"vpcConnectorEgressSettings":null,"buildEnvironmentVariables":{"GOOGLE_NODE_RUN_SCRIPTS":""}}
[debug] [2023-08-20T18:30:46.268Z] <<< [apiv2][status] PATCH https://cloudfunctions.googleapis.com/v1/projects/nextgensolutions/locations/us-central1/functions/textToSpeech 200
[debug] [2023-08-20T18:30:46.268Z] <<< [apiv2][body] PATCH https://cloudfunctions.googleapis.com/v1/projects/nextgensolutions/locations/us-central1/functions/textToSpeech {"name":"operations/bmV4dGdlbnNvbHV0aW9ucy91cy1jZW50cmFsMS90ZXh0VG9TcGVlY2gvTURNWFNUYlQxVGM","metadata":{"@type":"type.googleapis.com/google.cloud.functions.v1.OperationMetadataV1","target":"projects/nextgensolutions/locations/us-central1/functions/textToSpeech","type":"UPDATE_FUNCTION","request":{"@type":"type.googleapis.com/google.cloud.functions.v1.CloudFunction","name":"projects/nextgensolutions/locations/us-central1/functions/textToSpeech","httpsTrigger":{"url":"https://us-central1-nextgensolutions.cloudfunctions.net/textToSpeech","securityLevel":"SECURE_ALWAYS"},"status":"ACTIVE","entryPoint":"textToSpeech","updateTime":"2023-08-20T18:25:30.493Z","versionId":"15","labels":{"deployment-tool":"cli-firebase","firebase-functions-hash":"94e914e15784a8f9eeaa9d6ac7718268ebbc4f05"},"sourceUploadUrl":"https://storage.googleapis.com/uploads-382601354450.us-central1.cloudfunctions.appspot.com/8bd06666-a4c4-4ecf-93db-7de67a9a68a6.zip?GoogleAccessId=service-95410229259@gcf-admin-robot.iam.gserviceaccount.com&Expires=1692558042&Signature=KMs1LbRKxWKsIvmSXBxv9%2FeigtKKg8s4%2FFERVHS5HxWz9iqp8VNLU0hpIudAfO2gxqj1rV8OmiwNUeYUw4pByZC1yZEG5ocFEkvDHUUdL1c7rakvUYue6NvNAXnedtdmFKCEiJ9o2Bmgg3PdwCo5H45BlgaA%2FIK6ndaDfza6bTDMGKyAo076BlDuFg5915FdhVYv3ky12mHg%2FDK2xVqbwf%2BhCLLoTMa7kWvQZNcDFF0gaibnDYOUpD%2BKJ4PFxM%2FEl2XdQRVdYsrPKqhNAPNF7KafSbsVb%2BsNTA67AAcpXRW4jkV9h3fqJQCnjId9dDwRD%2FA7sSra4u5ULoS3Ne%2F6MQ%3D%3D","environmentVariables":{"FIREBASE_CONFIG":"{\"projectId\":\"nextgensolutions\",\"databaseURL\":\"https://nextgensolutions-default-rtdb.firebaseio.com\",\"storageBucket\":\"nextgensolutions.appspot.com\",\"locationId\":\"us-central\"}","GCLOUD_PROJECT":"nextgensolutions","EVENTARC_CLOUD_EVENT_SOURCE":"projects/nextgensolutions/locations/us-central1/functions/textToSpeech","ELEVEN_LABS_API_KEY":"0e8e4a935c3e0f56f31041dfc475fbca"},"runtime":"nodejs18","buildId":"d930ea94-0a26-49f7-8130-4c5d3df0a60b","buildEnvironmentVariables":{"GOOGLE_NODE_RUN_SCRIPTS":""},"buildName":"projects/95410229259/locations/us-central1/builds/d930ea94-0a26-49f7-8130-4c5d3df0a60b","dockerRegistry":"ARTIFACT_REGISTRY"},"versionId":"16","updateTime":"2023-08-20T18:30:43Z"}}
[debug] [2023-08-20T18:30:46.269Z] >>> [apiv2][query] GET https://cloudfunctions.googleapis.com/v1/operations/bmV4dGdlbnNvbHV0aW9ucy91cy1jZW50cmFsMS90ZXh0VG9TcGVlY2gvTURNWFNUYlQxVGM [none]
[debug] [2023-08-20T18:30:46.449Z] <<< [apiv2][status] GET https://cloudfunctions.googleapis.com/v1/operations/bmV4dGdlbnNvbHV0aW9ucy91cy1jZW50cmFsMS90ZXh0VG9TcGVlY2gvTURNWFNUYlQxVGM 200
[debug] [2023-08-20T18:30:46.450Z] <<< [apiv2][body] GET https://cloudfunctions.googleapis.com/v1/operations/bmV4dGdlbnNvbHV0aW9ucy91cy1jZW50cmFsMS90ZXh0VG9TcGVlY2gvTURNWFNUYlQxVGM {"name":"operations/bmV4dGdlbnNvbHV0aW9ucy91cy1jZW50cmFsMS90ZXh0VG9TcGVlY2gvTURNWFNUYlQxVGM","metadata":{"@type":"type.googleapis.com/google.cloud.functions.v1.OperationMetadataV1","target":"projects/nextgensolutions/locations/us-central1/functions/textToSpeech","type":"UPDATE_FUNCTION","request":{"@type":"type.googleapis.com/google.cloud.functions.v1.CloudFunction","name":"projects/nextgensolutions/locations/us-central1/functions/textToSpeech","httpsTrigger":{"url":"https://us-central1-nextgensolutions.cloudfunctions.net/textToSpeech","securityLevel":"SECURE_ALWAYS"},"status":"ACTIVE","entryPoint":"textToSpeech","updateTime":"2023-08-20T18:25:30.493Z","versionId":"15","labels":{"deployment-tool":"cli-firebase","firebase-functions-hash":"94e914e15784a8f9eeaa9d6ac7718268ebbc4f05"},"sourceUploadUrl":"https://storage.googleapis.com/uploads-382601354450.us-central1.cloudfunctions.appspot.com/8bd06666-a4c4-4ecf-93db-7de67a9a68a6.zip?GoogleAccessId=service-95410229259@gcf-admin-robot.iam.gserviceaccount.com&Expires=1692558042&Signature=KMs1LbRKxWKsIvmSXBxv9%2FeigtKKg8s4%2FFERVHS5HxWz9iqp8VNLU0hpIudAfO2gxqj1rV8OmiwNUeYUw4pByZC1yZEG5ocFEkvDHUUdL1c7rakvUYue6NvNAXnedtdmFKCEiJ9o2Bmgg3PdwCo5H45BlgaA%2FIK6ndaDfza6bTDMGKyAo076BlDuFg5915FdhVYv3ky12mHg%2FDK2xVqbwf%2BhCLLoTMa7kWvQZNcDFF0gaibnDYOUpD%2BKJ4PFxM%2FEl2XdQRVdYsrPKqhNAPNF7KafSbsVb%2BsNTA67AAcpXRW4jkV9h3fqJQCnjId9dDwRD%2FA7sSra4u5ULoS3Ne%2F6MQ%3D%3D","environmentVariables":{"FIREBASE_CONFIG":"{\"projectId\":\"nextgensolutions\",\"databaseURL\":\"https://nextgensolutions-default-rtdb.firebaseio.com\",\"storageBucket\":\"nextgensolutions.appspot.com\",\"locationId\":\"us-central\"}","GCLOUD_PROJECT":"nextgensolutions","EVENTARC_CLOUD_EVENT_SOURCE":"projects/nextgensolutions/locations/us-central1/functions/textToSpeech","ELEVEN_LABS_API_KEY":"0e8e4a935c3e0f56f31041dfc475fbca"},"runtime":"nodejs18","buildId":"d930ea94-0a26-49f7-8130-4c5d3df0a60b","buildEnvironmentVariables":{"GOOGLE_NODE_RUN_SCRIPTS":""},"buildName":"projects/95410229259/locations/us-central1/builds/d930ea94-0a26-49f7-8130-4c5d3df0a60b","dockerRegistry":"ARTIFACT_REGISTRY"},"versionId":"16","updateTime":"2023-08-20T18:30:43Z"}}
[debug] [2023-08-20T18:30:46.966Z] [update-default-us-central1-textToSpeech] Retrying task index 0
[debug] [2023-08-20T18:30:46.967Z] >>> [apiv2][query] GET https://cloudfunctions.googleapis.com/v1/operations/bmV4dGdlbnNvbHV0aW9ucy91cy1jZW50cmFsMS90ZXh0VG9TcGVlY2gvTURNWFNUYlQxVGM [none]
[debug] [2023-08-20T18:30:47.118Z] <<< [apiv2][status] GET https://cloudfunctions.googleapis.com/v1/operations/bmV4dGdlbnNvbHV0aW9ucy91cy1jZW50cmFsMS90ZXh0VG9TcGVlY2gvTURNWFNUYlQxVGM 200
[debug] [2023-08-20T18:30:47.118Z] <<< [apiv2][body] GET https://cloudfunctions.googleapis.com/v1/operations/bmV4dGdlbnNvbHV0aW9ucy91cy1jZW50cmFsMS90ZXh0VG9TcGVlY2gvTURNWFNUYlQxVGM {"name":"operations/bmV4dGdlbnNvbHV0aW9ucy91cy1jZW50cmFsMS90ZXh0VG9TcGVlY2gvTURNWFNUYlQxVGM","metadata":{"@type":"type.googleapis.com/google.cloud.functions.v1.OperationMetadataV1","target":"projects/nextgensolutions/locations/us-central1/functions/textToSpeech","type":"UPDATE_FUNCTION","request":{"@type":"type.googleapis.com/google.cloud.functions.v1.CloudFunction","name":"projects/nextgensolutions/locations/us-central1/functions/textToSpeech","httpsTrigger":{"url":"https://us-central1-nextgensolutions.cloudfunctions.net/textToSpeech","securityLevel":"SECURE_ALWAYS"},"status":"ACTIVE","entryPoint":"textToSpeech","updateTime":"2023-08-20T18:25:30.493Z","versionId":"15","labels":{"deployment-tool":"cli-firebase","firebase-functions-hash":"94e914e15784a8f9eeaa9d6ac7718268ebbc4f05"},"sourceUploadUrl":"https://storage.googleapis.com/uploads-382601354450.us-central1.cloudfunctions.appspot.com/8bd06666-a4c4-4ecf-93db-7de67a9a68a6.zip?GoogleAccessId=service-95410229259@gcf-admin-robot.iam.gserviceaccount.com&Expires=1692558042&Signature=KMs1LbRKxWKsIvmSXBxv9%2FeigtKKg8s4%2FFERVHS5HxWz9iqp8VNLU0hpIudAfO2gxqj1rV8OmiwNUeYUw4pByZC1yZEG5ocFEkvDHUUdL1c7rakvUYue6NvNAXnedtdmFKCEiJ9o2Bmgg3PdwCo5H45BlgaA%2FIK6ndaDfza6bTDMGKyAo076BlDuFg5915FdhVYv3ky12mHg%2FDK2xVqbwf%2BhCLLoTMa7kWvQZNcDFF0gaibnDYOUpD%2BKJ4PFxM%2FEl2XdQRVdYsrPKqhNAPNF7KafSbsVb%2BsNTA67AAcpXRW4jkV9h3fqJQCnjId9dDwRD%2FA7sSra4u5ULoS3Ne%2F6MQ%3D%3D","environmentVariables":{"FIREBASE_CONFIG":"{\"projectId\":\"nextgensolutions\",\"databaseURL\":\"https://nextgensolutions-default-rtdb.firebaseio.com\",\"storageBucket\":\"nextgensolutions.appspot.com\",\"locationId\":\"us-central\"}","GCLOUD_PROJECT":"nextgensolutions","EVENTARC_CLOUD_EVENT_SOURCE":"projects/nextgensolutions/locations/us-central1/functions/textToSpeech","ELEVEN_LABS_API_KEY":"0e8e4a935c3e0f56f31041dfc475fbca"},"runtime":"nodejs18","buildId":"d930ea94-0a26-49f7-8130-4c5d3df0a60b","buildEnvironmentVariables":{"GOOGLE_NODE_RUN_SCRIPTS":""},"buildName":"projects/95410229259/locations/us-central1/builds/d930ea94-0a26-49f7-8130-4c5d3df0a60b","dockerRegistry":"ARTIFACT_REGISTRY"},"versionId":"16","updateTime":"2023-08-20T18:30:43Z","buildId":"962c7e75-e0ca-437f-83fc-43e235a94281","buildName":"projects/95410229259/locations/us-central1/builds/962c7e75-e0ca-437f-83fc-43e235a94281"}}
[debug] [2023-08-20T18:30:48.120Z] [update-default-us-central1-textToSpeech] Retrying task index 0
[debug] [2023-08-20T18:30:48.120Z] >>> [apiv2][query] GET https://cloudfunctions.googleapis.com/v1/operations/bmV4dGdlbnNvbHV0aW9ucy91cy1jZW50cmFsMS90ZXh0VG9TcGVlY2gvTURNWFNUYlQxVGM [none]
[debug] [2023-08-20T18:30:48.265Z] <<< [apiv2][status] GET https://cloudfunctions.googleapis.com/v1/operations/bmV4dGdlbnNvbHV0aW9ucy91cy1jZW50cmFsMS90ZXh0VG9TcGVlY2gvTURNWFNUYlQxVGM 200
[debug] [2023-08-20T18:30:48.265Z] <<< [apiv2][body] GET https://cloudfunctions.googleapis.com/v1/operations/bmV4dGdlbnNvbHV0aW9ucy91cy1jZW50cmFsMS90ZXh0VG9TcGVlY2gvTURNWFNUYlQxVGM {"name":"operations/bmV4dGdlbnNvbHV0aW9ucy91cy1jZW50cmFsMS90ZXh0VG9TcGVlY2gvTURNWFNUYlQxVGM","metadata":{"@type":"type.googleapis.com/google.cloud.functions.v1.OperationMetadataV1","target":"projects/nextgensolutions/locations/us-central1/functions/textToSpeech","type":"UPDATE_FUNCTION","request":{"@type":"type.googleapis.com/google.cloud.functions.v1.CloudFunction","name":"projects/nextgensolutions/locations/us-central1/functions/textToSpeech","httpsTrigger":{"url":"https://us-central1-nextgensolutions.cloudfunctions.net/textToSpeech","securityLevel":"SECURE_ALWAYS"},"status":"ACTIVE","entryPoint":"textToSpeech","updateTime":"2023-08-20T18:25:30.493Z","versionId":"15","labels":{"deployment-tool":"cli-firebase","firebase-functions-hash":"94e914e15784a8f9eeaa9d6ac7718268ebbc4f05"},"sourceUploadUrl":"https://storage.googleapis.com/uploads-382601354450.us-central1.cloudfunctions.appspot.com/8bd06666-a4c4-4ecf-93db-7de67a9a68a6.zip?GoogleAccessId=service-95410229259@gcf-admin-robot.iam.gserviceaccount.com&Expires=1692558042&Signature=KMs1LbRKxWKsIvmSXBxv9%2FeigtKKg8s4%2FFERVHS5HxWz9iqp8VNLU0hpIudAfO2gxqj1rV8OmiwNUeYUw4pByZC1yZEG5ocFEkvDHUUdL1c7rakvUYue6NvNAXnedtdmFKCEiJ9o2Bmgg3PdwCo5H45BlgaA%2FIK6ndaDfza6bTDMGKyAo076BlDuFg5915FdhVYv3ky12mHg%2FDK2xVqbwf%2BhCLLoTMa7kWvQZNcDFF0gaibnDYOUpD%2BKJ4PFxM%2FEl2XdQRVdYsrPKqhNAPNF7KafSbsVb%2BsNTA67AAcpXRW4jkV9h3fqJQCnjId9dDwRD%2FA7sSra4u5ULoS3Ne%2F6MQ%3D%3D","environmentVariables":{"FIREBASE_CONFIG":"{\"projectId\":\"nextgensolutions\",\"databaseURL\":\"https://nextgensolutions-default-rtdb.firebaseio.com\",\"storageBucket\":\"nextgensolutions.appspot.com\",\"locationId\":\"us-central\"}","GCLOUD_PROJECT":"nextgensolutions","EVENTARC_CLOUD_EVENT_SOURCE":"projects/nextgensolutions/locations/us-central1/functions/textToSpeech","ELEVEN_LABS_API_KEY":"0e8e4a935c3e0f56f31041dfc475fbca"},"runtime":"nodejs18","buildId":"d930ea94-0a26-49f7-8130-4c5d3df0a60b","buildEnvironmentVariables":{"GOOGLE_NODE_RUN_SCRIPTS":""},"buildName":"projects/95410229259/locations/us-central1/builds/d930ea94-0a26-49f7-8130-4c5d3df0a60b","dockerRegistry":"ARTIFACT_REGISTRY"},"versionId":"16","updateTime":"2023-08-20T18:30:43Z","buildId":"962c7e75-e0ca-437f-83fc-43e235a94281","buildName":"projects/95410229259/locations/us-central1/builds/962c7e75-e0ca-437f-83fc-43e235a94281"}}
[debug] [2023-08-20T18:30:50.269Z] [update-default-us-central1-textToSpeech] Retrying task index 0
[debug] [2023-08-20T18:30:50.270Z] >>> [apiv2][query] GET https://cloudfunctions.googleapis.com/v1/operations/bmV4dGdlbnNvbHV0aW9ucy91cy1jZW50cmFsMS90ZXh0VG9TcGVlY2gvTURNWFNUYlQxVGM [none]
[debug] [2023-08-20T18:30:50.419Z] <<< [apiv2][status] GET https://cloudfunctions.googleapis.com/v1/operations/bmV4dGdlbnNvbHV0aW9ucy91cy1jZW50cmFsMS90ZXh0VG9TcGVlY2gvTURNWFNUYlQxVGM 200
[debug] [2023-08-20T18:30:50.419Z] <<< [apiv2][body] GET https://cloudfunctions.googleapis.com/v1/operations/bmV4dGdlbnNvbHV0aW9ucy91cy1jZW50cmFsMS90ZXh0VG9TcGVlY2gvTURNWFNUYlQxVGM {"name":"operations/bmV4dGdlbnNvbHV0aW9ucy91cy1jZW50cmFsMS90ZXh0VG9TcGVlY2gvTURNWFNUYlQxVGM","metadata":{"@type":"type.googleapis.com/google.cloud.functions.v1.OperationMetadataV1","target":"projects/nextgensolutions/locations/us-central1/functions/textToSpeech","type":"UPDATE_FUNCTION","request":{"@type":"type.googleapis.com/google.cloud.functions.v1.CloudFunction","name":"projects/nextgensolutions/locations/us-central1/functions/textToSpeech","httpsTrigger":{"url":"https://us-central1-nextgensolutions.cloudfunctions.net/textToSpeech","securityLevel":"SECURE_ALWAYS"},"status":"ACTIVE","entryPoint":"textToSpeech","updateTime":"2023-08-20T18:25:30.493Z","versionId":"15","labels":{"deployment-tool":"cli-firebase","firebase-functions-hash":"94e914e15784a8f9eeaa9d6ac7718268ebbc4f05"},"sourceUploadUrl":"https://storage.googleapis.com/uploads-382601354450.us-central1.cloudfunctions.appspot.com/8bd06666-a4c4-4ecf-93db-7de67a9a68a6.zip?GoogleAccessId=service-95410229259@gcf-admin-robot.iam.gserviceaccount.com&Expires=1692558042&Signature=KMs1LbRKxWKsIvmSXBxv9%2FeigtKKg8s4%2FFERVHS5HxWz9iqp8VNLU0hpIudAfO2gxqj1rV8OmiwNUeYUw4pByZC1yZEG5ocFEkvDHUUdL1c7rakvUYue6NvNAXnedtdmFKCEiJ9o2Bmgg3PdwCo5H45BlgaA%2FIK6ndaDfza6bTDMGKyAo076BlDuFg5915FdhVYv3ky12mHg%2FDK2xVqbwf%2BhCLLoTMa7kWvQZNcDFF0gaibnDYOUpD%2BKJ4PFxM%2FEl2XdQRVdYsrPKqhNAPNF7KafSbsVb%2BsNTA67AAcpXRW4jkV9h3fqJQCnjId9dDwRD%2FA7sSra4u5ULoS3Ne%2F6MQ%3D%3D","environmentVariables":{"FIREBASE_CONFIG":"{\"projectId\":\"nextgensolutions\",\"databaseURL\":\"https://nextgensolutions-default-rtdb.firebaseio.com\",\"storageBucket\":\"nextgensolutions.appspot.com\",\"locationId\":\"us-central\"}","GCLOUD_PROJECT":"nextgensolutions","EVENTARC_CLOUD_EVENT_SOURCE":"projects/nextgensolutions/locations/us-central1/functions/textToSpeech","ELEVEN_LABS_API_KEY":"0e8e4a935c3e0f56f31041dfc475fbca"},"runtime":"nodejs18","buildId":"d930ea94-0a26-49f7-8130-4c5d3df0a60b","buildEnvironmentVariables":{"GOOGLE_NODE_RUN_SCRIPTS":""},"buildName":"projects/95410229259/locations/us-central1/builds/d930ea94-0a26-49f7-8130-4c5d3df0a60b","dockerRegistry":"ARTIFACT_REGISTRY"},"versionId":"16","updateTime":"2023-08-20T18:30:43Z","buildId":"962c7e75-e0ca-437f-83fc-43e235a94281","buildName":"projects/95410229259/locations/us-central1/builds/962c7e75-e0ca-437f-83fc-43e235a94281"}}
[debug] [2023-08-20T18:30:54.425Z] [update-default-us-central1-textToSpeech] Retrying task index 0
[debug] [2023-08-20T18:30:54.426Z] >>> [apiv2][query] GET https://cloudfunctions.googleapis.com/v1/operations/bmV4dGdlbnNvbHV0aW9ucy91cy1jZW50cmFsMS90ZXh0VG9TcGVlY2gvTURNWFNUYlQxVGM [none]
[debug] [2023-08-20T18:30:54.572Z] <<< [apiv2][status] GET https://cloudfunctions.googleapis.com/v1/operations/bmV4dGdlbnNvbHV0aW9ucy91cy1jZW50cmFsMS90ZXh0VG9TcGVlY2gvTURNWFNUYlQxVGM 200
[debug] [2023-08-20T18:30:54.572Z] <<< [apiv2][body] GET https://cloudfunctions.googleapis.com/v1/operations/bmV4dGdlbnNvbHV0aW9ucy91cy1jZW50cmFsMS90ZXh0VG9TcGVlY2gvTURNWFNUYlQxVGM {"name":"operations/bmV4dGdlbnNvbHV0aW9ucy91cy1jZW50cmFsMS90ZXh0VG9TcGVlY2gvTURNWFNUYlQxVGM","metadata":{"@type":"type.googleapis.com/google.cloud.functions.v1.OperationMetadataV1","target":"projects/nextgensolutions/locations/us-central1/functions/textToSpeech","type":"UPDATE_FUNCTION","request":{"@type":"type.googleapis.com/google.cloud.functions.v1.CloudFunction","name":"projects/nextgensolutions/locations/us-central1/functions/textToSpeech","httpsTrigger":{"url":"https://us-central1-nextgensolutions.cloudfunctions.net/textToSpeech","securityLevel":"SECURE_ALWAYS"},"status":"ACTIVE","entryPoint":"textToSpeech","updateTime":"2023-08-20T18:25:30.493Z","versionId":"15","labels":{"deployment-tool":"cli-firebase","firebase-functions-hash":"94e914e15784a8f9eeaa9d6ac7718268ebbc4f05"},"sourceUploadUrl":"https://storage.googleapis.com/uploads-382601354450.us-central1.cloudfunctions.appspot.com/8bd06666-a4c4-4ecf-93db-7de67a9a68a6.zip?GoogleAccessId=service-95410229259@gcf-admin-robot.iam.gserviceaccount.com&Expires=1692558042&Signature=KMs1LbRKxWKsIvmSXBxv9%2FeigtKKg8s4%2FFERVHS5HxWz9iqp8VNLU0hpIudAfO2gxqj1rV8OmiwNUeYUw4pByZC1yZEG5ocFEkvDHUUdL1c7rakvUYue6NvNAXnedtdmFKCEiJ9o2Bmgg3PdwCo5H45BlgaA%2FIK6ndaDfza6bTDMGKyAo076BlDuFg5915FdhVYv3ky12mHg%2FDK2xVqbwf%2BhCLLoTMa7kWvQZNcDFF0gaibnDYOUpD%2BKJ4PFxM%2FEl2XdQRVdYsrPKqhNAPNF7KafSbsVb%2BsNTA67AAcpXRW4jkV9h3fqJQCnjId9dDwRD%2FA7sSra4u5ULoS3Ne%2F6MQ%3D%3D","environmentVariables":{"FIREBASE_CONFIG":"{\"projectId\":\"nextgensolutions\",\"databaseURL\":\"https://nextgensolutions-default-rtdb.firebaseio.com\",\"storageBucket\":\"nextgensolutions.appspot.com\",\"locationId\":\"us-central\"}","GCLOUD_PROJECT":"nextgensolutions","EVENTARC_CLOUD_EVENT_SOURCE":"projects/nextgensolutions/locations/us-central1/functions/textToSpeech","ELEVEN_LABS_API_KEY":"0e8e4a935c3e0f56f31041dfc475fbca"},"runtime":"nodejs18","buildId":"d930ea94-0a26-49f7-8130-4c5d3df0a60b","buildEnvironmentVariables":{"GOOGLE_NODE_RUN_SCRIPTS":""},"buildName":"projects/95410229259/locations/us-central1/builds/d930ea94-0a26-49f7-8130-4c5d3df0a60b","dockerRegistry":"ARTIFACT_REGISTRY"},"versionId":"16","updateTime":"2023-08-20T18:30:43Z","buildId":"962c7e75-e0ca-437f-83fc-43e235a94281","buildName":"projects/95410229259/locations/us-central1/builds/962c7e75-e0ca-437f-83fc-43e235a94281"}}
[debug] [2023-08-20T18:31:02.573Z] [update-default-us-central1-textToSpeech] Retrying task index 0
[debug] [2023-08-20T18:31:02.574Z] >>> [apiv2][query] GET https://cloudfunctions.googleapis.com/v1/operations/bmV4dGdlbnNvbHV0aW9ucy91cy1jZW50cmFsMS90ZXh0VG9TcGVlY2gvTURNWFNUYlQxVGM [none]
[debug] [2023-08-20T18:31:02.722Z] <<< [apiv2][status] GET https://cloudfunctions.googleapis.com/v1/operations/bmV4dGdlbnNvbHV0aW9ucy91cy1jZW50cmFsMS90ZXh0VG9TcGVlY2gvTURNWFNUYlQxVGM 200
[debug] [2023-08-20T18:31:02.722Z] <<< [apiv2][body] GET https://cloudfunctions.googleapis.com/v1/operations/bmV4dGdlbnNvbHV0aW9ucy91cy1jZW50cmFsMS90ZXh0VG9TcGVlY2gvTURNWFNUYlQxVGM {"name":"operations/bmV4dGdlbnNvbHV0aW9ucy91cy1jZW50cmFsMS90ZXh0VG9TcGVlY2gvTURNWFNUYlQxVGM","metadata":{"@type":"type.googleapis.com/google.cloud.functions.v1.OperationMetadataV1","target":"projects/nextgensolutions/locations/us-central1/functions/textToSpeech","type":"UPDATE_FUNCTION","request":{"@type":"type.googleapis.com/google.cloud.functions.v1.CloudFunction","name":"projects/nextgensolutions/locations/us-central1/functions/textToSpeech","httpsTrigger":{"url":"https://us-central1-nextgensolutions.cloudfunctions.net/textToSpeech","securityLevel":"SECURE_ALWAYS"},"status":"ACTIVE","entryPoint":"textToSpeech","updateTime":"2023-08-20T18:25:30.493Z","versionId":"15","labels":{"deployment-tool":"cli-firebase","firebase-functions-hash":"94e914e15784a8f9eeaa9d6ac7718268ebbc4f05"},"sourceUploadUrl":"https://storage.googleapis.com/uploads-382601354450.us-central1.cloudfunctions.appspot.com/8bd06666-a4c4-4ecf-93db-7de67a9a68a6.zip?GoogleAccessId=service-95410229259@gcf-admin-robot.iam.gserviceaccount.com&Expires=1692558042&Signature=KMs1LbRKxWKsIvmSXBxv9%2FeigtKKg8s4%2FFERVHS5HxWz9iqp8VNLU0hpIudAfO2gxqj1rV8OmiwNUeYUw4pByZC1yZEG5ocFEkvDHUUdL1c7rakvUYue6NvNAXnedtdmFKCEiJ9o2Bmgg3PdwCo5H45BlgaA%2FIK6ndaDfza6bTDMGKyAo076BlDuFg5915FdhVYv3ky12mHg%2FDK2xVqbwf%2BhCLLoTMa7kWvQZNcDFF0gaibnDYOUpD%2BKJ4PFxM%2FEl2XdQRVdYsrPKqhNAPNF7KafSbsVb%2BsNTA67AAcpXRW4jkV9h3fqJQCnjId9dDwRD%2FA7sSra4u5ULoS3Ne%2F6MQ%3D%3D","environmentVariables":{"FIREBASE_CONFIG":"{\"projectId\":\"nextgensolutions\",\"databaseURL\":\"https://nextgensolutions-default-rtdb.firebaseio.com\",\"storageBucket\":\"nextgensolutions.appspot.com\",\"locationId\":\"us-central\"}","GCLOUD_PROJECT":"nextgensolutions","EVENTARC_CLOUD_EVENT_SOURCE":"projects/nextgensolutions/locations/us-central1/functions/textToSpeech","ELEVEN_LABS_API_KEY":"0e8e4a935c3e0f56f31041dfc475fbca"},"runtime":"nodejs18","buildId":"d930ea94-0a26-49f7-8130-4c5d3df0a60b","buildEnvironmentVariables":{"GOOGLE_NODE_RUN_SCRIPTS":""},"buildName":"projects/95410229259/locations/us-central1/builds/d930ea94-0a26-49f7-8130-4c5d3df0a60b","dockerRegistry":"ARTIFACT_REGISTRY"},"versionId":"16","updateTime":"2023-08-20T18:30:43Z","buildId":"962c7e75-e0ca-437f-83fc-43e235a94281","buildName":"projects/95410229259/locations/us-central1/builds/962c7e75-e0ca-437f-83fc-43e235a94281"}}
[debug] [2023-08-20T18:31:12.723Z] [update-default-us-central1-textToSpeech] Retrying task index 0
[debug] [2023-08-20T18:31:12.723Z] >>> [apiv2][query] GET https://cloudfunctions.googleapis.com/v1/operations/bmV4dGdlbnNvbHV0aW9ucy91cy1jZW50cmFsMS90ZXh0VG9TcGVlY2gvTURNWFNUYlQxVGM [none]
[debug] [2023-08-20T18:31:12.867Z] <<< [apiv2][status] GET https://cloudfunctions.googleapis.com/v1/operations/bmV4dGdlbnNvbHV0aW9ucy91cy1jZW50cmFsMS90ZXh0VG9TcGVlY2gvTURNWFNUYlQxVGM 200
[debug] [2023-08-20T18:31:12.867Z] <<< [apiv2][body] GET https://cloudfunctions.googleapis.com/v1/operations/bmV4dGdlbnNvbHV0aW9ucy91cy1jZW50cmFsMS90ZXh0VG9TcGVlY2gvTURNWFNUYlQxVGM {"name":"operations/bmV4dGdlbnNvbHV0aW9ucy91cy1jZW50cmFsMS90ZXh0VG9TcGVlY2gvTURNWFNUYlQxVGM","metadata":{"@type":"type.googleapis.com/google.cloud.functions.v1.OperationMetadataV1","target":"projects/nextgensolutions/locations/us-central1/functions/textToSpeech","type":"UPDATE_FUNCTION","request":{"@type":"type.googleapis.com/google.cloud.functions.v1.CloudFunction","name":"projects/nextgensolutions/locations/us-central1/functions/textToSpeech","httpsTrigger":{"url":"https://us-central1-nextgensolutions.cloudfunctions.net/textToSpeech","securityLevel":"SECURE_ALWAYS"},"status":"ACTIVE","entryPoint":"textToSpeech","updateTime":"2023-08-20T18:25:30.493Z","versionId":"15","labels":{"deployment-tool":"cli-firebase","firebase-functions-hash":"94e914e15784a8f9eeaa9d6ac7718268ebbc4f05"},"sourceUploadUrl":"https://storage.googleapis.com/uploads-382601354450.us-central1.cloudfunctions.appspot.com/8bd06666-a4c4-4ecf-93db-7de67a9a68a6.zip?GoogleAccessId=service-95410229259@gcf-admin-robot.iam.gserviceaccount.com&Expires=1692558042&Signature=KMs1LbRKxWKsIvmSXBxv9%2FeigtKKg8s4%2FFERVHS5HxWz9iqp8VNLU0hpIudAfO2gxqj1rV8OmiwNUeYUw4pByZC1yZEG5ocFEkvDHUUdL1c7rakvUYue6NvNAXnedtdmFKCEiJ9o2Bmgg3PdwCo5H45BlgaA%2FIK6ndaDfza6bTDMGKyAo076BlDuFg5915FdhVYv3ky12mHg%2FDK2xVqbwf%2BhCLLoTMa7kWvQZNcDFF0gaibnDYOUpD%2BKJ4PFxM%2FEl2XdQRVdYsrPKqhNAPNF7KafSbsVb%2BsNTA67AAcpXRW4jkV9h3fqJQCnjId9dDwRD%2FA7sSra4u5ULoS3Ne%2F6MQ%3D%3D","environmentVariables":{"FIREBASE_CONFIG":"{\"projectId\":\"nextgensolutions\",\"databaseURL\":\"https://nextgensolutions-default-rtdb.firebaseio.com\",\"storageBucket\":\"nextgensolutions.appspot.com\",\"locationId\":\"us-central\"}","GCLOUD_PROJECT":"nextgensolutions","EVENTARC_CLOUD_EVENT_SOURCE":"projects/nextgensolutions/locations/us-central1/functions/textToSpeech","ELEVEN_LABS_API_KEY":"0e8e4a935c3e0f56f31041dfc475fbca"},"runtime":"nodejs18","buildId":"d930ea94-0a26-49f7-8130-4c5d3df0a60b","buildEnvironmentVariables":{"GOOGLE_NODE_RUN_SCRIPTS":""},"buildName":"projects/95410229259/locations/us-central1/builds/d930ea94-0a26-49f7-8130-4c5d3df0a60b","dockerRegistry":"ARTIFACT_REGISTRY"},"versionId":"16","updateTime":"2023-08-20T18:31:04Z","buildId":"962c7e75-e0ca-437f-83fc-43e235a94281","buildName":"projects/95410229259/locations/us-central1/builds/962c7e75-e0ca-437f-83fc-43e235a94281"},"done":true,"error":{"code":3,"message":"Build failed: npm ERR! code EUSAGE\nnpm ERR! \nnpm ERR! `npm ci` can only install packages when your package.json and package-lock.json or npm-shrinkwrap.json are in sync. Please update your lock file with `npm install` before continuing.\nnpm ERR! \nnpm ERR! Missing: axios@0.25.0 from lock file\nnpm ERR! Missing: follow-redirects@1.15.2 from lock file\nnpm ERR! \nnpm ERR! Clean install a project\nnpm ERR! \nnpm ERR! Usage:\nnpm ERR! npm ci\nnpm ERR! \nnpm ERR! Options:\nnpm ERR! [-S|--save|--no-save|--save-prod|--save-dev|--save-optional|--save-peer|--save-bundle]\nnpm ERR! [-E|--save-exact] [-g|--global]\nnpm ERR! [--install-strategy <hoisted|nested|shallow|linked>] [--legacy-bundling]\nnpm ERR! [--global-style] [--omit <dev|optional|peer> [--omit <dev|optional|peer> ...]]\nnpm ERR! [--strict-peer-deps] [--no-package-lock] [--foreground-scripts]\nnpm ERR! [--ignore-scripts] [--no-audit] [--no-bin-links] [--no-fund] [--dry-run]\nnpm ERR! [-w|--workspace <workspace-name> [-w|--workspace <workspace-name> ...]]\nnpm ERR! [-ws|--workspaces] [--include-workspace-root] [--install-links]\nnpm ERR! \nnpm ERR! aliases: clean-install, ic, install-clean, isntall-clean\nnpm ERR! \nnpm ERR! Run \"npm help ci\" for more info\n\nnpm ERR! A complete log of this run can be found in:\nnpm ERR!     /www-data-home/.npm/_logs/2023-08-20T18_31_01_880Z-debug-0.log; Error ID: beaf8772"}}
[debug] [2023-08-20T18:31:12.867Z] Got source token undefined for region us-central1
[debug] [2023-08-20T18:31:12.868Z] >>> [apiv2][query] PATCH https://cloudfunctions.googleapis.com/v1/projects/nextgensolutions/locations/us-central1/functions/checkAccess updateMask=name%2CsourceUploadUrl%2CentryPoint%2Cruntime%2CdockerRegistry%2Clabels%2ChttpsTrigger.securityLevel%2CminInstances%2CmaxInstances%2CingressSettings%2CenvironmentVariables%2CserviceAccountEmail%2CavailableMemoryMb%2Ctimeout%2CvpcConnector%2CvpcConnectorEgressSettings%2CsourceToken%2CbuildEnvironmentVariables
[debug] [2023-08-20T18:31:12.868Z] >>> [apiv2][body] PATCH https://cloudfunctions.googleapis.com/v1/projects/nextgensolutions/locations/us-central1/functions/checkAccess {"name":"projects/nextgensolutions/locations/us-central1/functions/checkAccess","sourceUploadUrl":"https://storage.googleapis.com/uploads-382601354450.us-central1.cloudfunctions.appspot.com/8bd06666-a4c4-4ecf-93db-7de67a9a68a6.zip?GoogleAccessId=service-95410229259@gcf-admin-robot.iam.gserviceaccount.com&Expires=1692558042&Signature=KMs1LbRKxWKsIvmSXBxv9%2FeigtKKg8s4%2FFERVHS5HxWz9iqp8VNLU0hpIudAfO2gxqj1rV8OmiwNUeYUw4pByZC1yZEG5ocFEkvDHUUdL1c7rakvUYue6NvNAXnedtdmFKCEiJ9o2Bmgg3PdwCo5H45BlgaA%2FIK6ndaDfza6bTDMGKyAo076BlDuFg5915FdhVYv3ky12mHg%2FDK2xVqbwf%2BhCLLoTMa7kWvQZNcDFF0gaibnDYOUpD%2BKJ4PFxM%2FEl2XdQRVdYsrPKqhNAPNF7KafSbsVb%2BsNTA67AAcpXRW4jkV9h3fqJQCnjId9dDwRD%2FA7sSra4u5ULoS3Ne%2F6MQ%3D%3D","entryPoint":"checkAccess","runtime":"nodejs18","dockerRegistry":"ARTIFACT_REGISTRY","labels":{"deployment-tool":"cli-firebase","firebase-functions-hash":"94e914e15784a8f9eeaa9d6ac7718268ebbc4f05"},"httpsTrigger":{"securityLevel":"SECURE_ALWAYS"},"minInstances":null,"maxInstances":null,"ingressSettings":null,"environmentVariables":{"FIREBASE_CONFIG":"{\"projectId\":\"nextgensolutions\",\"databaseURL\":\"https://nextgensolutions-default-rtdb.firebaseio.com\",\"storageBucket\":\"nextgensolutions.appspot.com\",\"locationId\":\"us-central\"}","GCLOUD_PROJECT":"nextgensolutions","EVENTARC_CLOUD_EVENT_SOURCE":"projects/nextgensolutions/locations/us-central1/functions/checkAccess"},"serviceAccountEmail":null,"availableMemoryMb":null,"timeout":null,"vpcConnector":null,"vpcConnectorEgressSettings":null,"buildEnvironmentVariables":{"GOOGLE_NODE_RUN_SCRIPTS":""}}
[error] Build failed: npm ERR! code EUSAGE
npm ERR! 
npm ERR! `npm ci` can only install packages when your package.json and package-lock.json or npm-shrinkwrap.json are in sync. Please update your lock file with `npm install` before continuing.
npm ERR! 
npm ERR! Missing: axios@0.25.0 from lock file
npm ERR! Missing: follow-redirects@1.15.2 from lock file
npm ERR! 
npm ERR! Clean install a project
npm ERR! 
npm ERR! Usage:
npm ERR! npm ci
npm ERR! 
npm ERR! Options:
npm ERR! [-S|--save|--no-save|--save-prod|--save-dev|--save-optional|--save-peer|--save-bundle]
npm ERR! [-E|--save-exact] [-g|--global]
npm ERR! [--install-strategy <hoisted|nested|shallow|linked>] [--legacy-bundling]
npm ERR! [--global-style] [--omit <dev|optional|peer> [--omit <dev|optional|peer> ...]]
npm ERR! [--strict-peer-deps] [--no-package-lock] [--foreground-scripts]
npm ERR! [--ignore-scripts] [--no-audit] [--no-bin-links] [--no-fund] [--dry-run]
npm ERR! [-w|--workspace <workspace-name> [-w|--workspace <workspace-name> ...]]
npm ERR! [-ws|--workspaces] [--include-workspace-root] [--install-links]
npm ERR! 
npm ERR! aliases: clean-install, ic, install-clean, isntall-clean
npm ERR! 
npm ERR! Run "npm help ci" for more info

npm ERR! A complete log of this run can be found in:
npm ERR!     /www-data-home/.npm/_logs/2023-08-20T18_31_01_880Z-debug-0.log; Error ID: beaf8772
[debug] [2023-08-20T18:31:13.270Z] <<< [apiv2][status] PATCH https://cloudfunctions.googleapis.com/v1/projects/nextgensolutions/locations/us-central1/functions/checkAccess 200
[debug] [2023-08-20T18:31:13.270Z] <<< [apiv2][body] PATCH https://cloudfunctions.googleapis.com/v1/projects/nextgensolutions/locations/us-central1/functions/checkAccess {"name":"operations/bmV4dGdlbnNvbHV0aW9ucy91cy1jZW50cmFsMS9jaGVja0FjY2Vzcy92dV9XYngtS2RIZw","metadata":{"@type":"type.googleapis.com/google.cloud.functions.v1.OperationMetadataV1","target":"projects/nextgensolutions/locations/us-central1/functions/checkAccess","type":"UPDATE_FUNCTION","request":{"@type":"type.googleapis.com/google.cloud.functions.v1.CloudFunction","name":"projects/nextgensolutions/locations/us-central1/functions/checkAccess","httpsTrigger":{"url":"https://us-central1-nextgensolutions.cloudfunctions.net/checkAccess","securityLevel":"SECURE_ALWAYS"},"status":"ACTIVE","entryPoint":"checkAccess","updateTime":"2023-08-20T18:10:17.052Z","versionId":"11","labels":{"deployment-tool":"cli-firebase","firebase-functions-hash":"94e914e15784a8f9eeaa9d6ac7718268ebbc4f05"},"sourceUploadUrl":"https://storage.googleapis.com/uploads-382601354450.us-central1.cloudfunctions.appspot.com/8bd06666-a4c4-4ecf-93db-7de67a9a68a6.zip?GoogleAccessId=service-95410229259@gcf-admin-robot.iam.gserviceaccount.com&Expires=1692558042&Signature=KMs1LbRKxWKsIvmSXBxv9%2FeigtKKg8s4%2FFERVHS5HxWz9iqp8VNLU0hpIudAfO2gxqj1rV8OmiwNUeYUw4pByZC1yZEG5ocFEkvDHUUdL1c7rakvUYue6NvNAXnedtdmFKCEiJ9o2Bmgg3PdwCo5H45BlgaA%2FIK6ndaDfza6bTDMGKyAo076BlDuFg5915FdhVYv3ky12mHg%2FDK2xVqbwf%2BhCLLoTMa7kWvQZNcDFF0gaibnDYOUpD%2BKJ4PFxM%2FEl2XdQRVdYsrPKqhNAPNF7KafSbsVb%2BsNTA67AAcpXRW4jkV9h3fqJQCnjId9dDwRD%2FA7sSra4u5ULoS3Ne%2F6MQ%3D%3D","environmentVariables":{"FIREBASE_CONFIG":"{\"projectId\":\"nextgensolutions\",\"databaseURL\":\"https://nextgensolutions-default-rtdb.firebaseio.com\",\"storageBucket\":\"nextgensolutions.appspot.com\",\"locationId\":\"us-central\"}","GCLOUD_PROJECT":"nextgensolutions","EVENTARC_CLOUD_EVENT_SOURCE":"projects/nextgensolutions/locations/us-central1/functions/checkAccess"},"runtime":"nodejs18","buildId":"d2849232-a5ac-4a88-a5f0-9194e5784247","buildEnvironmentVariables":{"GOOGLE_NODE_RUN_SCRIPTS":""},"buildName":"projects/95410229259/locations/us-central1/builds/d2849232-a5ac-4a88-a5f0-9194e5784247","dockerRegistry":"ARTIFACT_REGISTRY"},"versionId":"12","updateTime":"2023-08-20T18:31:10Z"}}
[debug] [2023-08-20T18:31:13.270Z] >>> [apiv2][query] GET https://cloudfunctions.googleapis.com/v1/operations/bmV4dGdlbnNvbHV0aW9ucy91cy1jZW50cmFsMS9jaGVja0FjY2Vzcy92dV9XYngtS2RIZw [none]
[debug] [2023-08-20T18:31:13.408Z] <<< [apiv2][status] GET https://cloudfunctions.googleapis.com/v1/operations/bmV4dGdlbnNvbHV0aW9ucy91cy1jZW50cmFsMS9jaGVja0FjY2Vzcy92dV9XYngtS2RIZw 200
[debug] [2023-08-20T18:31:13.408Z] <<< [apiv2][body] GET https://cloudfunctions.googleapis.com/v1/operations/bmV4dGdlbnNvbHV0aW9ucy91cy1jZW50cmFsMS9jaGVja0FjY2Vzcy92dV9XYngtS2RIZw {"name":"operations/bmV4dGdlbnNvbHV0aW9ucy91cy1jZW50cmFsMS9jaGVja0FjY2Vzcy92dV9XYngtS2RIZw","metadata":{"@type":"type.googleapis.com/google.cloud.functions.v1.OperationMetadataV1","target":"projects/nextgensolutions/locations/us-central1/functions/checkAccess","type":"UPDATE_FUNCTION","request":{"@type":"type.googleapis.com/google.cloud.functions.v1.CloudFunction","name":"projects/nextgensolutions/locations/us-central1/functions/checkAccess","httpsTrigger":{"url":"https://us-central1-nextgensolutions.cloudfunctions.net/checkAccess","securityLevel":"SECURE_ALWAYS"},"status":"ACTIVE","entryPoint":"checkAccess","updateTime":"2023-08-20T18:10:17.052Z","versionId":"11","labels":{"deployment-tool":"cli-firebase","firebase-functions-hash":"94e914e15784a8f9eeaa9d6ac7718268ebbc4f05"},"sourceUploadUrl":"https://storage.googleapis.com/uploads-382601354450.us-central1.cloudfunctions.appspot.com/8bd06666-a4c4-4ecf-93db-7de67a9a68a6.zip?GoogleAccessId=service-95410229259@gcf-admin-robot.iam.gserviceaccount.com&Expires=1692558042&Signature=KMs1LbRKxWKsIvmSXBxv9%2FeigtKKg8s4%2FFERVHS5HxWz9iqp8VNLU0hpIudAfO2gxqj1rV8OmiwNUeYUw4pByZC1yZEG5ocFEkvDHUUdL1c7rakvUYue6NvNAXnedtdmFKCEiJ9o2Bmgg3PdwCo5H45BlgaA%2FIK6ndaDfza6bTDMGKyAo076BlDuFg5915FdhVYv3ky12mHg%2FDK2xVqbwf%2BhCLLoTMa7kWvQZNcDFF0gaibnDYOUpD%2BKJ4PFxM%2FEl2XdQRVdYsrPKqhNAPNF7KafSbsVb%2BsNTA67AAcpXRW4jkV9h3fqJQCnjId9dDwRD%2FA7sSra4u5ULoS3Ne%2F6MQ%3D%3D","environmentVariables":{"FIREBASE_CONFIG":"{\"projectId\":\"nextgensolutions\",\"databaseURL\":\"https://nextgensolutions-default-rtdb.firebaseio.com\",\"storageBucket\":\"nextgensolutions.appspot.com\",\"locationId\":\"us-central\"}","GCLOUD_PROJECT":"nextgensolutions","EVENTARC_CLOUD_EVENT_SOURCE":"projects/nextgensolutions/locations/us-central1/functions/checkAccess"},"runtime":"nodejs18","buildId":"d2849232-a5ac-4a88-a5f0-9194e5784247","buildEnvironmentVariables":{"GOOGLE_NODE_RUN_SCRIPTS":""},"buildName":"projects/95410229259/locations/us-central1/builds/d2849232-a5ac-4a88-a5f0-9194e5784247","dockerRegistry":"ARTIFACT_REGISTRY"},"versionId":"12","updateTime":"2023-08-20T18:31:10Z"}}
[debug] [2023-08-20T18:31:13.909Z] [update-default-us-central1-checkAccess] Retrying task index 0
[debug] [2023-08-20T18:31:13.909Z] >>> [apiv2][query] GET https://cloudfunctions.googleapis.com/v1/operations/bmV4dGdlbnNvbHV0aW9ucy91cy1jZW50cmFsMS9jaGVja0FjY2Vzcy92dV9XYngtS2RIZw [none]
[debug] [2023-08-20T18:31:14.043Z] <<< [apiv2][status] GET https://cloudfunctions.googleapis.com/v1/operations/bmV4dGdlbnNvbHV0aW9ucy91cy1jZW50cmFsMS9jaGVja0FjY2Vzcy92dV9XYngtS2RIZw 200
[debug] [2023-08-20T18:31:14.043Z] <<< [apiv2][body] GET https://cloudfunctions.googleapis.com/v1/operations/bmV4dGdlbnNvbHV0aW9ucy91cy1jZW50cmFsMS9jaGVja0FjY2Vzcy92dV9XYngtS2RIZw {"name":"operations/bmV4dGdlbnNvbHV0aW9ucy91cy1jZW50cmFsMS9jaGVja0FjY2Vzcy92dV9XYngtS2RIZw","metadata":{"@type":"type.googleapis.com/google.cloud.functions.v1.OperationMetadataV1","target":"projects/nextgensolutions/locations/us-central1/functions/checkAccess","type":"UPDATE_FUNCTION","request":{"@type":"type.googleapis.com/google.cloud.functions.v1.CloudFunction","name":"projects/nextgensolutions/locations/us-central1/functions/checkAccess","httpsTrigger":{"url":"https://us-central1-nextgensolutions.cloudfunctions.net/checkAccess","securityLevel":"SECURE_ALWAYS"},"status":"ACTIVE","entryPoint":"checkAccess","updateTime":"2023-08-20T18:10:17.052Z","versionId":"11","labels":{"deployment-tool":"cli-firebase","firebase-functions-hash":"94e914e15784a8f9eeaa9d6ac7718268ebbc4f05"},"sourceUploadUrl":"https://storage.googleapis.com/uploads-382601354450.us-central1.cloudfunctions.appspot.com/8bd06666-a4c4-4ecf-93db-7de67a9a68a6.zip?GoogleAccessId=service-95410229259@gcf-admin-robot.iam.gserviceaccount.com&Expires=1692558042&Signature=KMs1LbRKxWKsIvmSXBxv9%2FeigtKKg8s4%2FFERVHS5HxWz9iqp8VNLU0hpIudAfO2gxqj1rV8OmiwNUeYUw4pByZC1yZEG5ocFEkvDHUUdL1c7rakvUYue6NvNAXnedtdmFKCEiJ9o2Bmgg3PdwCo5H45BlgaA%2FIK6ndaDfza6bTDMGKyAo076BlDuFg5915FdhVYv3ky12mHg%2FDK2xVqbwf%2BhCLLoTMa7kWvQZNcDFF0gaibnDYOUpD%2BKJ4PFxM%2FEl2XdQRVdYsrPKqhNAPNF7KafSbsVb%2BsNTA67AAcpXRW4jkV9h3fqJQCnjId9dDwRD%2FA7sSra4u5ULoS3Ne%2F6MQ%3D%3D","environmentVariables":{"FIREBASE_CONFIG":"{\"projectId\":\"nextgensolutions\",\"databaseURL\":\"https://nextgensolutions-default-rtdb.firebaseio.com\",\"storageBucket\":\"nextgensolutions.appspot.com\",\"locationId\":\"us-central\"}","GCLOUD_PROJECT":"nextgensolutions","EVENTARC_CLOUD_EVENT_SOURCE":"projects/nextgensolutions/locations/us-central1/functions/checkAccess"},"runtime":"nodejs18","buildId":"d2849232-a5ac-4a88-a5f0-9194e5784247","buildEnvironmentVariables":{"GOOGLE_NODE_RUN_SCRIPTS":""},"buildName":"projects/95410229259/locations/us-central1/builds/d2849232-a5ac-4a88-a5f0-9194e5784247","dockerRegistry":"ARTIFACT_REGISTRY"},"versionId":"12","updateTime":"2023-08-20T18:31:10Z","buildId":"0dc55a33-e4c6-417a-bb2f-7d610a83e137","buildName":"projects/95410229259/locations/us-central1/builds/0dc55a33-e4c6-417a-bb2f-7d610a83e137"}}
[debug] [2023-08-20T18:31:15.048Z] [update-default-us-central1-checkAccess] Retrying task index 0
[debug] [2023-08-20T18:31:15.048Z] >>> [apiv2][query] GET https://cloudfunctions.googleapis.com/v1/operations/bmV4dGdlbnNvbHV0aW9ucy91cy1jZW50cmFsMS9jaGVja0FjY2Vzcy92dV9XYngtS2RIZw [none]
[debug] [2023-08-20T18:31:15.194Z] <<< [apiv2][status] GET https://cloudfunctions.googleapis.com/v1/operations/bmV4dGdlbnNvbHV0aW9ucy91cy1jZW50cmFsMS9jaGVja0FjY2Vzcy92dV9XYngtS2RIZw 200
[debug] [2023-08-20T18:31:15.195Z] <<< [apiv2][body] GET https://cloudfunctions.googleapis.com/v1/operations/bmV4dGdlbnNvbHV0aW9ucy91cy1jZW50cmFsMS9jaGVja0FjY2Vzcy92dV9XYngtS2RIZw {"name":"operations/bmV4dGdlbnNvbHV0aW9ucy91cy1jZW50cmFsMS9jaGVja0FjY2Vzcy92dV9XYngtS2RIZw","metadata":{"@type":"type.googleapis.com/google.cloud.functions.v1.OperationMetadataV1","target":"projects/nextgensolutions/locations/us-central1/functions/checkAccess","type":"UPDATE_FUNCTION","request":{"@type":"type.googleapis.com/google.cloud.functions.v1.CloudFunction","name":"projects/nextgensolutions/locations/us-central1/functions/checkAccess","httpsTrigger":{"url":"https://us-central1-nextgensolutions.cloudfunctions.net/checkAccess","securityLevel":"SECURE_ALWAYS"},"status":"ACTIVE","entryPoint":"checkAccess","updateTime":"2023-08-20T18:10:17.052Z","versionId":"11","labels":{"deployment-tool":"cli-firebase","firebase-functions-hash":"94e914e15784a8f9eeaa9d6ac7718268ebbc4f05"},"sourceUploadUrl":"https://storage.googleapis.com/uploads-382601354450.us-central1.cloudfunctions.appspot.com/8bd06666-a4c4-4ecf-93db-7de67a9a68a6.zip?GoogleAccessId=service-95410229259@gcf-admin-robot.iam.gserviceaccount.com&Expires=1692558042&Signature=KMs1LbRKxWKsIvmSXBxv9%2FeigtKKg8s4%2FFERVHS5HxWz9iqp8VNLU0hpIudAfO2gxqj1rV8OmiwNUeYUw4pByZC1yZEG5ocFEkvDHUUdL1c7rakvUYue6NvNAXnedtdmFKCEiJ9o2Bmgg3PdwCo5H45BlgaA%2FIK6ndaDfza6bTDMGKyAo076BlDuFg5915FdhVYv3ky12mHg%2FDK2xVqbwf%2BhCLLoTMa7kWvQZNcDFF0gaibnDYOUpD%2BKJ4PFxM%2FEl2XdQRVdYsrPKqhNAPNF7KafSbsVb%2BsNTA67AAcpXRW4jkV9h3fqJQCnjId9dDwRD%2FA7sSra4u5ULoS3Ne%2F6MQ%3D%3D","environmentVariables":{"FIREBASE_CONFIG":"{\"projectId\":\"nextgensolutions\",\"databaseURL\":\"https://nextgensolutions-default-rtdb.firebaseio.com\",\"storageBucket\":\"nextgensolutions.appspot.com\",\"locationId\":\"us-central\"}","GCLOUD_PROJECT":"nextgensolutions","EVENTARC_CLOUD_EVENT_SOURCE":"projects/nextgensolutions/locations/us-central1/functions/checkAccess"},"runtime":"nodejs18","buildId":"d2849232-a5ac-4a88-a5f0-9194e5784247","buildEnvironmentVariables":{"GOOGLE_NODE_RUN_SCRIPTS":""},"buildName":"projects/95410229259/locations/us-central1/builds/d2849232-a5ac-4a88-a5f0-9194e5784247","dockerRegistry":"ARTIFACT_REGISTRY"},"versionId":"12","updateTime":"2023-08-20T18:31:10Z","buildId":"0dc55a33-e4c6-417a-bb2f-7d610a83e137","buildName":"projects/95410229259/locations/us-central1/builds/0dc55a33-e4c6-417a-bb2f-7d610a83e137"}}
[debug] [2023-08-20T18:31:17.209Z] [update-default-us-central1-checkAccess] Retrying task index 0
[debug] [2023-08-20T18:31:17.209Z] >>> [apiv2][query] GET https://cloudfunctions.googleapis.com/v1/operations/bmV4dGdlbnNvbHV0aW9ucy91cy1jZW50cmFsMS9jaGVja0FjY2Vzcy92dV9XYngtS2RIZw [none]
[debug] [2023-08-20T18:31:17.356Z] <<< [apiv2][status] GET https://cloudfunctions.googleapis.com/v1/operations/bmV4dGdlbnNvbHV0aW9ucy91cy1jZW50cmFsMS9jaGVja0FjY2Vzcy92dV9XYngtS2RIZw 200
[debug] [2023-08-20T18:31:17.356Z] <<< [apiv2][body] GET https://cloudfunctions.googleapis.com/v1/operations/bmV4dGdlbnNvbHV0aW9ucy91cy1jZW50cmFsMS9jaGVja0FjY2Vzcy92dV9XYngtS2RIZw {"name":"operations/bmV4dGdlbnNvbHV0aW9ucy91cy1jZW50cmFsMS9jaGVja0FjY2Vzcy92dV9XYngtS2RIZw","metadata":{"@type":"type.googleapis.com/google.cloud.functions.v1.OperationMetadataV1","target":"projects/nextgensolutions/locations/us-central1/functions/checkAccess","type":"UPDATE_FUNCTION","request":{"@type":"type.googleapis.com/google.cloud.functions.v1.CloudFunction","name":"projects/nextgensolutions/locations/us-central1/functions/checkAccess","httpsTrigger":{"url":"https://us-central1-nextgensolutions.cloudfunctions.net/checkAccess","securityLevel":"SECURE_ALWAYS"},"status":"ACTIVE","entryPoint":"checkAccess","updateTime":"2023-08-20T18:10:17.052Z","versionId":"11","labels":{"deployment-tool":"cli-firebase","firebase-functions-hash":"94e914e15784a8f9eeaa9d6ac7718268ebbc4f05"},"sourceUploadUrl":"https://storage.googleapis.com/uploads-382601354450.us-central1.cloudfunctions.appspot.com/8bd06666-a4c4-4ecf-93db-7de67a9a68a6.zip?GoogleAccessId=service-95410229259@gcf-admin-robot.iam.gserviceaccount.com&Expires=1692558042&Signature=KMs1LbRKxWKsIvmSXBxv9%2FeigtKKg8s4%2FFERVHS5HxWz9iqp8VNLU0hpIudAfO2gxqj1rV8OmiwNUeYUw4pByZC1yZEG5ocFEkvDHUUdL1c7rakvUYue6NvNAXnedtdmFKCEiJ9o2Bmgg3PdwCo5H45BlgaA%2FIK6ndaDfza6bTDMGKyAo076BlDuFg5915FdhVYv3ky12mHg%2FDK2xVqbwf%2BhCLLoTMa7kWvQZNcDFF0gaibnDYOUpD%2BKJ4PFxM%2FEl2XdQRVdYsrPKqhNAPNF7KafSbsVb%2BsNTA67AAcpXRW4jkV9h3fqJQCnjId9dDwRD%2FA7sSra4u5ULoS3Ne%2F6MQ%3D%3D","environmentVariables":{"FIREBASE_CONFIG":"{\"projectId\":\"nextgensolutions\",\"databaseURL\":\"https://nextgensolutions-default-rtdb.firebaseio.com\",\"storageBucket\":\"nextgensolutions.appspot.com\",\"locationId\":\"us-central\"}","GCLOUD_PROJECT":"nextgensolutions","EVENTARC_CLOUD_EVENT_SOURCE":"projects/nextgensolutions/locations/us-central1/functions/checkAccess"},"runtime":"nodejs18","buildId":"d2849232-a5ac-4a88-a5f0-9194e5784247","buildEnvironmentVariables":{"GOOGLE_NODE_RUN_SCRIPTS":""},"buildName":"projects/95410229259/locations/us-central1/builds/d2849232-a5ac-4a88-a5f0-9194e5784247","dockerRegistry":"ARTIFACT_REGISTRY"},"versionId":"12","updateTime":"2023-08-20T18:31:10Z","buildId":"0dc55a33-e4c6-417a-bb2f-7d610a83e137","buildName":"projects/95410229259/locations/us-central1/builds/0dc55a33-e4c6-417a-bb2f-7d610a83e137"}}
[debug] [2023-08-20T18:31:21.372Z] [update-default-us-central1-checkAccess] Retrying task index 0
[debug] [2023-08-20T18:31:21.372Z] >>> [apiv2][query] GET https://cloudfunctions.googleapis.com/v1/operations/bmV4dGdlbnNvbHV0aW9ucy91cy1jZW50cmFsMS9jaGVja0FjY2Vzcy92dV9XYngtS2RIZw [none]
[debug] [2023-08-20T18:31:21.512Z] <<< [apiv2][status] GET https://cloudfunctions.googleapis.com/v1/operations/bmV4dGdlbnNvbHV0aW9ucy91cy1jZW50cmFsMS9jaGVja0FjY2Vzcy92dV9XYngtS2RIZw 200
[debug] [2023-08-20T18:31:21.512Z] <<< [apiv2][body] GET https://cloudfunctions.googleapis.com/v1/operations/bmV4dGdlbnNvbHV0aW9ucy91cy1jZW50cmFsMS9jaGVja0FjY2Vzcy92dV9XYngtS2RIZw {"name":"operations/bmV4dGdlbnNvbHV0aW9ucy91cy1jZW50cmFsMS9jaGVja0FjY2Vzcy92dV9XYngtS2RIZw","metadata":{"@type":"type.googleapis.com/google.cloud.functions.v1.OperationMetadataV1","target":"projects/nextgensolutions/locations/us-central1/functions/checkAccess","type":"UPDATE_FUNCTION","request":{"@type":"type.googleapis.com/google.cloud.functions.v1.CloudFunction","name":"projects/nextgensolutions/locations/us-central1/functions/checkAccess","httpsTrigger":{"url":"https://us-central1-nextgensolutions.cloudfunctions.net/checkAccess","securityLevel":"SECURE_ALWAYS"},"status":"ACTIVE","entryPoint":"checkAccess","updateTime":"2023-08-20T18:10:17.052Z","versionId":"11","labels":{"deployment-tool":"cli-firebase","firebase-functions-hash":"94e914e15784a8f9eeaa9d6ac7718268ebbc4f05"},"sourceUploadUrl":"https://storage.googleapis.com/uploads-382601354450.us-central1.cloudfunctions.appspot.com/8bd06666-a4c4-4ecf-93db-7de67a9a68a6.zip?GoogleAccessId=service-95410229259@gcf-admin-robot.iam.gserviceaccount.com&Expires=1692558042&Signature=KMs1LbRKxWKsIvmSXBxv9%2FeigtKKg8s4%2FFERVHS5HxWz9iqp8VNLU0hpIudAfO2gxqj1rV8OmiwNUeYUw4pByZC1yZEG5ocFEkvDHUUdL1c7rakvUYue6NvNAXnedtdmFKCEiJ9o2Bmgg3PdwCo5H45BlgaA%2FIK6ndaDfza6bTDMGKyAo076BlDuFg5915FdhVYv3ky12mHg%2FDK2xVqbwf%2BhCLLoTMa7kWvQZNcDFF0gaibnDYOUpD%2BKJ4PFxM%2FEl2XdQRVdYsrPKqhNAPNF7KafSbsVb%2BsNTA67AAcpXRW4jkV9h3fqJQCnjId9dDwRD%2FA7sSra4u5ULoS3Ne%2F6MQ%3D%3D","environmentVariables":{"FIREBASE_CONFIG":"{\"projectId\":\"nextgensolutions\",\"databaseURL\":\"https://nextgensolutions-default-rtdb.firebaseio.com\",\"storageBucket\":\"nextgensolutions.appspot.com\",\"locationId\":\"us-central\"}","GCLOUD_PROJECT":"nextgensolutions","EVENTARC_CLOUD_EVENT_SOURCE":"projects/nextgensolutions/locations/us-central1/functions/checkAccess"},"runtime":"nodejs18","buildId":"d2849232-a5ac-4a88-a5f0-9194e5784247","buildEnvironmentVariables":{"GOOGLE_NODE_RUN_SCRIPTS":""},"buildName":"projects/95410229259/locations/us-central1/builds/d2849232-a5ac-4a88-a5f0-9194e5784247","dockerRegistry":"ARTIFACT_REGISTRY"},"versionId":"12","updateTime":"2023-08-20T18:31:10Z","buildId":"0dc55a33-e4c6-417a-bb2f-7d610a83e137","buildName":"projects/95410229259/locations/us-central1/builds/0dc55a33-e4c6-417a-bb2f-7d610a83e137"}}
[debug] [2023-08-20T18:31:29.522Z] [update-default-us-central1-checkAccess] Retrying task index 0
[debug] [2023-08-20T18:31:29.523Z] >>> [apiv2][query] GET https://cloudfunctions.googleapis.com/v1/operations/bmV4dGdlbnNvbHV0aW9ucy91cy1jZW50cmFsMS9jaGVja0FjY2Vzcy92dV9XYngtS2RIZw [none]
[debug] [2023-08-20T18:31:29.669Z] <<< [apiv2][status] GET https://cloudfunctions.googleapis.com/v1/operations/bmV4dGdlbnNvbHV0aW9ucy91cy1jZW50cmFsMS9jaGVja0FjY2Vzcy92dV9XYngtS2RIZw 200
[debug] [2023-08-20T18:31:29.670Z] <<< [apiv2][body] GET https://cloudfunctions.googleapis.com/v1/operations/bmV4dGdlbnNvbHV0aW9ucy91cy1jZW50cmFsMS9jaGVja0FjY2Vzcy92dV9XYngtS2RIZw {"name":"operations/bmV4dGdlbnNvbHV0aW9ucy91cy1jZW50cmFsMS9jaGVja0FjY2Vzcy92dV9XYngtS2RIZw","metadata":{"@type":"type.googleapis.com/google.cloud.functions.v1.OperationMetadataV1","target":"projects/nextgensolutions/locations/us-central1/functions/checkAccess","type":"UPDATE_FUNCTION","request":{"@type":"type.googleapis.com/google.cloud.functions.v1.CloudFunction","name":"projects/nextgensolutions/locations/us-central1/functions/checkAccess","httpsTrigger":{"url":"https://us-central1-nextgensolutions.cloudfunctions.net/checkAccess","securityLevel":"SECURE_ALWAYS"},"status":"ACTIVE","entryPoint":"checkAccess","updateTime":"2023-08-20T18:10:17.052Z","versionId":"11","labels":{"deployment-tool":"cli-firebase","firebase-functions-hash":"94e914e15784a8f9eeaa9d6ac7718268ebbc4f05"},"sourceUploadUrl":"https://storage.googleapis.com/uploads-382601354450.us-central1.cloudfunctions.appspot.com/8bd06666-a4c4-4ecf-93db-7de67a9a68a6.zip?GoogleAccessId=service-95410229259@gcf-admin-robot.iam.gserviceaccount.com&Expires=1692558042&Signature=KMs1LbRKxWKsIvmSXBxv9%2FeigtKKg8s4%2FFERVHS5HxWz9iqp8VNLU0hpIudAfO2gxqj1rV8OmiwNUeYUw4pByZC1yZEG5ocFEkvDHUUdL1c7rakvUYue6NvNAXnedtdmFKCEiJ9o2Bmgg3PdwCo5H45BlgaA%2FIK6ndaDfza6bTDMGKyAo076BlDuFg5915FdhVYv3ky12mHg%2FDK2xVqbwf%2BhCLLoTMa7kWvQZNcDFF0gaibnDYOUpD%2BKJ4PFxM%2FEl2XdQRVdYsrPKqhNAPNF7KafSbsVb%2BsNTA67AAcpXRW4jkV9h3fqJQCnjId9dDwRD%2FA7sSra4u5ULoS3Ne%2F6MQ%3D%3D","environmentVariables":{"FIREBASE_CONFIG":"{\"projectId\":\"nextgensolutions\",\"databaseURL\":\"https://nextgensolutions-default-rtdb.firebaseio.com\",\"storageBucket\":\"nextgensolutions.appspot.com\",\"locationId\":\"us-central\"}","GCLOUD_PROJECT":"nextgensolutions","EVENTARC_CLOUD_EVENT_SOURCE":"projects/nextgensolutions/locations/us-central1/functions/checkAccess"},"runtime":"nodejs18","buildId":"d2849232-a5ac-4a88-a5f0-9194e5784247","buildEnvironmentVariables":{"GOOGLE_NODE_RUN_SCRIPTS":""},"buildName":"projects/95410229259/locations/us-central1/builds/d2849232-a5ac-4a88-a5f0-9194e5784247","dockerRegistry":"ARTIFACT_REGISTRY"},"versionId":"12","updateTime":"2023-08-20T18:31:10Z","buildId":"0dc55a33-e4c6-417a-bb2f-7d610a83e137","buildName":"projects/95410229259/locations/us-central1/builds/0dc55a33-e4c6-417a-bb2f-7d610a83e137"}}
[debug] [2023-08-20T18:31:39.672Z] [update-default-us-central1-checkAccess] Retrying task index 0
[debug] [2023-08-20T18:31:39.672Z] >>> [apiv2][query] GET https://cloudfunctions.googleapis.com/v1/operations/bmV4dGdlbnNvbHV0aW9ucy91cy1jZW50cmFsMS9jaGVja0FjY2Vzcy92dV9XYngtS2RIZw [none]
[debug] [2023-08-20T18:31:39.820Z] <<< [apiv2][status] GET https://cloudfunctions.googleapis.com/v1/operations/bmV4dGdlbnNvbHV0aW9ucy91cy1jZW50cmFsMS9jaGVja0FjY2Vzcy92dV9XYngtS2RIZw 200
[debug] [2023-08-20T18:31:39.820Z] <<< [apiv2][body] GET https://cloudfunctions.googleapis.com/v1/operations/bmV4dGdlbnNvbHV0aW9ucy91cy1jZW50cmFsMS9jaGVja0FjY2Vzcy92dV9XYngtS2RIZw {"name":"operations/bmV4dGdlbnNvbHV0aW9ucy91cy1jZW50cmFsMS9jaGVja0FjY2Vzcy92dV9XYngtS2RIZw","metadata":{"@type":"type.googleapis.com/google.cloud.functions.v1.OperationMetadataV1","target":"projects/nextgensolutions/locations/us-central1/functions/checkAccess","type":"UPDATE_FUNCTION","request":{"@type":"type.googleapis.com/google.cloud.functions.v1.CloudFunction","name":"projects/nextgensolutions/locations/us-central1/functions/checkAccess","httpsTrigger":{"url":"https://us-central1-nextgensolutions.cloudfunctions.net/checkAccess","securityLevel":"SECURE_ALWAYS"},"status":"ACTIVE","entryPoint":"checkAccess","updateTime":"2023-08-20T18:10:17.052Z","versionId":"11","labels":{"deployment-tool":"cli-firebase","firebase-functions-hash":"94e914e15784a8f9eeaa9d6ac7718268ebbc4f05"},"sourceUploadUrl":"https://storage.googleapis.com/uploads-382601354450.us-central1.cloudfunctions.appspot.com/8bd06666-a4c4-4ecf-93db-7de67a9a68a6.zip?GoogleAccessId=service-95410229259@gcf-admin-robot.iam.gserviceaccount.com&Expires=1692558042&Signature=KMs1LbRKxWKsIvmSXBxv9%2FeigtKKg8s4%2FFERVHS5HxWz9iqp8VNLU0hpIudAfO2gxqj1rV8OmiwNUeYUw4pByZC1yZEG5ocFEkvDHUUdL1c7rakvUYue6NvNAXnedtdmFKCEiJ9o2Bmgg3PdwCo5H45BlgaA%2FIK6ndaDfza6bTDMGKyAo076BlDuFg5915FdhVYv3ky12mHg%2FDK2xVqbwf%2BhCLLoTMa7kWvQZNcDFF0gaibnDYOUpD%2BKJ4PFxM%2FEl2XdQRVdYsrPKqhNAPNF7KafSbsVb%2BsNTA67AAcpXRW4jkV9h3fqJQCnjId9dDwRD%2FA7sSra4u5ULoS3Ne%2F6MQ%3D%3D","environmentVariables":{"FIREBASE_CONFIG":"{\"projectId\":\"nextgensolutions\",\"databaseURL\":\"https://nextgensolutions-default-rtdb.firebaseio.com\",\"storageBucket\":\"nextgensolutions.appspot.com\",\"locationId\":\"us-central\"}","GCLOUD_PROJECT":"nextgensolutions","EVENTARC_CLOUD_EVENT_SOURCE":"projects/nextgensolutions/locations/us-central1/functions/checkAccess"},"runtime":"nodejs18","buildId":"d2849232-a5ac-4a88-a5f0-9194e5784247","buildEnvironmentVariables":{"GOOGLE_NODE_RUN_SCRIPTS":""},"buildName":"projects/95410229259/locations/us-central1/builds/d2849232-a5ac-4a88-a5f0-9194e5784247","dockerRegistry":"ARTIFACT_REGISTRY"},"versionId":"12","updateTime":"2023-08-20T18:31:32Z","buildId":"0dc55a33-e4c6-417a-bb2f-7d610a83e137","buildName":"projects/95410229259/locations/us-central1/builds/0dc55a33-e4c6-417a-bb2f-7d610a83e137"},"done":true,"error":{"code":3,"message":"Build failed: npm ERR! code EUSAGE\nnpm ERR! \nnpm ERR! `npm ci` can only install packages when your package.json and package-lock.json or npm-shrinkwrap.json are in sync. Please update your lock file with `npm install` before continuing.\nnpm ERR! \nnpm ERR! Missing: axios@0.25.0 from lock file\nnpm ERR! Missing: follow-redirects@1.15.2 from lock file\nnpm ERR! \nnpm ERR! Clean install a project\nnpm ERR! \nnpm ERR! Usage:\nnpm ERR! npm ci\nnpm ERR! \nnpm ERR! Options:\nnpm ERR! [-S|--save|--no-save|--save-prod|--save-dev|--save-optional|--save-peer|--save-bundle]\nnpm ERR! [-E|--save-exact] [-g|--global]\nnpm ERR! [--install-strategy <hoisted|nested|shallow|linked>] [--legacy-bundling]\nnpm ERR! [--global-style] [--omit <dev|optional|peer> [--omit <dev|optional|peer> ...]]\nnpm ERR! [--strict-peer-deps] [--no-package-lock] [--foreground-scripts]\nnpm ERR! [--ignore-scripts] [--no-audit] [--no-bin-links] [--no-fund] [--dry-run]\nnpm ERR! [-w|--workspace <workspace-name> [-w|--workspace <workspace-name> ...]]\nnpm ERR! [-ws|--workspaces] [--include-workspace-root] [--install-links]\nnpm ERR! \nnpm ERR! aliases: clean-install, ic, install-clean, isntall-clean\nnpm ERR! \nnpm ERR! Run \"npm help ci\" for more info\n\nnpm ERR! A complete log of this run can be found in:\nnpm ERR!     /www-data-home/.npm/_logs/2023-08-20T18_31_27_058Z-debug-0.log; Error ID: beaf8772"}}
[debug] [2023-08-20T18:31:39.820Z] Got source token undefined for region us-central1
[error] Build failed: npm ERR! code EUSAGE
npm ERR! 
npm ERR! `npm ci` can only install packages when your package.json and package-lock.json or npm-shrinkwrap.json are in sync. Please update your lock file with `npm install` before continuing.
npm ERR! 
npm ERR! Missing: axios@0.25.0 from lock file
npm ERR! Missing: follow-redirects@1.15.2 from lock file
npm ERR! 
npm ERR! Clean install a project
npm ERR! 
npm ERR! Usage:
npm ERR! npm ci
npm ERR! 
npm ERR! Options:
npm ERR! [-S|--save|--no-save|--save-prod|--save-dev|--save-optional|--save-peer|--save-bundle]
npm ERR! [-E|--save-exact] [-g|--global]
npm ERR! [--install-strategy <hoisted|nested|shallow|linked>] [--legacy-bundling]
npm ERR! [--global-style] [--omit <dev|optional|peer> [--omit <dev|optional|peer> ...]]
npm ERR! [--strict-peer-deps] [--no-package-lock] [--foreground-scripts]
npm ERR! [--ignore-scripts] [--no-audit] [--no-bin-links] [--no-fund] [--dry-run]
npm ERR! [-w|--workspace <workspace-name> [-w|--workspace <workspace-name> ...]]
npm ERR! [-ws|--workspaces] [--include-workspace-root] [--install-links]
npm ERR! 
npm ERR! aliases: clean-install, ic, install-clean, isntall-clean
npm ERR! 
npm ERR! Run "npm help ci" for more info

npm ERR! A complete log of this run can be found in:
npm ERR!     /www-data-home/.npm/_logs/2023-08-20T18_31_27_058Z-debug-0.log; Error ID: beaf8772
[debug] [2023-08-20T18:31:39.833Z] Total Function Deployment time: 54020
[debug] [2023-08-20T18:31:39.833Z] 2 Functions Deployed
[debug] [2023-08-20T18:31:39.833Z] 2 Functions Errored
[debug] [2023-08-20T18:31:39.833Z] 0 Function Deployments Aborted
[debug] [2023-08-20T18:31:39.833Z] Average Function Deployment time: 40544.5
[info] 
[info] Functions deploy had errors with the following functions:
	checkAccess(us-central1)
	textToSpeech(us-central1)
[debug] [2023-08-20T18:31:39.905Z] Not printing URL for HTTPS function. Typically this means it didn't match a filter or we failed deployment
[debug] [2023-08-20T18:31:39.905Z] Not printing URL for HTTPS function. Typically this means it didn't match a filter or we failed deployment
[info] i  functions: cleaning up build files... 
[debug] [2023-08-20T18:31:39.906Z] >>> [apiv2][query] DELETE https://artifactregistry.googleapis.com/v1beta2/projects/nextgensolutions/locations/us-central1/repositories/gcf-artifacts/packages/text_to_speech [none]
[debug] [2023-08-20T18:31:39.909Z] >>> [apiv2][query] DELETE https://artifactregistry.googleapis.com/v1beta2/projects/nextgensolutions/locations/us-central1/repositories/gcf-artifacts/packages/check_access [none]
[debug] [2023-08-20T18:31:39.911Z] >>> [apiv2][query] GET https://us.gcr.io/v2/nextgensolutions/gcf/us-central1/tags/list [none]
[debug] [2023-08-20T18:31:40.149Z] <<< [apiv2][status] GET https://us.gcr.io/v2/nextgensolutions/gcf/us-central1/tags/list 200
[debug] [2023-08-20T18:31:40.149Z] <<< [apiv2][body] GET https://us.gcr.io/v2/nextgensolutions/gcf/us-central1/tags/list {"child":[],"manifest":{},"name":"nextgensolutions/gcf/us-central1","tags":[]}
[debug] [2023-08-20T18:31:40.149Z] Could not find image for function projects/nextgensolutions/locations/us-central1/functions/textToSpeech
[debug] [2023-08-20T18:31:40.149Z] Could not find image for function projects/nextgensolutions/locations/us-central1/functions/checkAccess
[debug] [2023-08-20T18:31:40.275Z] <<< [apiv2][status] DELETE https://artifactregistry.googleapis.com/v1beta2/projects/nextgensolutions/locations/us-central1/repositories/gcf-artifacts/packages/check_access 404
[debug] [2023-08-20T18:31:40.275Z] <<< [apiv2][body] DELETE https://artifactregistry.googleapis.com/v1beta2/projects/nextgensolutions/locations/us-central1/repositories/gcf-artifacts/packages/check_access {"error":{"code":404,"message":"Package \"projects/nextgensolutions/locations/us-central1/repositories/gcf-artifacts/packages/check_access\" was not found.","status":"NOT_FOUND"}}
[debug] [2023-08-20T18:31:40.276Z] <<< [apiv2][status] DELETE https://artifactregistry.googleapis.com/v1beta2/projects/nextgensolutions/locations/us-central1/repositories/gcf-artifacts/packages/text_to_speech 200
[debug] [2023-08-20T18:31:40.276Z] <<< [apiv2][body] DELETE https://artifactregistry.googleapis.com/v1beta2/projects/nextgensolutions/locations/us-central1/repositories/gcf-artifacts/packages/text_to_speech {"name":"projects/nextgensolutions/locations/us-central1/operations/67161e2b-389f-47c0-ade7-4cb1ca4a0044","metadata":{"@type":"type.googleapis.com/google.devtools.artifactregistry.v1beta2.OperationMetadata"}}
[debug] [2023-08-20T18:31:40.276Z] >>> [apiv2][query] GET https://artifactregistry.googleapis.com/v1beta2/projects/nextgensolutions/locations/us-central1/operations/67161e2b-389f-47c0-ade7-4cb1ca4a0044 [none]
[debug] [2023-08-20T18:31:40.608Z] <<< [apiv2][status] GET https://artifactregistry.googleapis.com/v1beta2/projects/nextgensolutions/locations/us-central1/operations/67161e2b-389f-47c0-ade7-4cb1ca4a0044 200
[debug] [2023-08-20T18:31:40.608Z] <<< [apiv2][body] GET https://artifactregistry.googleapis.com/v1beta2/projects/nextgensolutions/locations/us-central1/operations/67161e2b-389f-47c0-ade7-4cb1ca4a0044 {"name":"projects/nextgensolutions/locations/us-central1/operations/67161e2b-389f-47c0-ade7-4cb1ca4a0044","metadata":{"@type":"type.googleapis.com/google.devtools.artifactregistry.v1beta2.OperationMetadata"},"done":true,"response":{"@type":"type.googleapis.com/google.protobuf.Empty"}}
[debug] [2023-08-20T18:31:40.608Z] Functions deploy failed.
[debug] [2023-08-20T18:31:40.608Z] {
  "endpoint": {
    "id": "textToSpeech",
    "project": "nextgensolutions",
    "region": "us-central1",
    "entryPoint": "textToSpeech",
    "platform": "gcfv1",
    "runtime": "nodejs18",
    "httpsTrigger": {},
    "serviceAccount": null,
    "ingressSettings": null,
    "availableMemoryMb": null,
    "timeoutSeconds": null,
    "maxInstances": null,
    "minInstances": null,
    "vpc": null,
    "environmentVariables": {
      "FIREBASE_CONFIG": "{\"projectId\":\"nextgensolutions\",\"databaseURL\":\"https://nextgensolutions-default-rtdb.firebaseio.com\",\"storageBucket\":\"nextgensolutions.appspot.com\",\"locationId\":\"us-central\"}",
      "GCLOUD_PROJECT": "nextgensolutions",
      "EVENTARC_CLOUD_EVENT_SOURCE": "projects/nextgensolutions/locations/us-central1/functions/textToSpeech",
      "ELEVEN_LABS_API_KEY": "0e8e4a935c3e0f56f31041dfc475fbca"
    },
    "codebase": "default",
    "securityLevel": "SECURE_ALWAYS",
    "targetedByOnly": false,
    "hash": "94e914e15784a8f9eeaa9d6ac7718268ebbc4f05",
    "labels": {
      "deployment-tool": "cli-firebase"
    }
  },
  "op": "update",
  "original": {
    "name": "FirebaseError",
    "children": [],
    "exit": 1,
    "message": "Build failed: npm ERR! code EUSAGE\nnpm ERR! \nnpm ERR! `npm ci` can only install packages when your package.json and package-lock.json or npm-shrinkwrap.json are in sync. Please update your lock file with `npm install` before continuing.\nnpm ERR! \nnpm ERR! Missing: axios@0.25.0 from lock file\nnpm ERR! Missing: follow-redirects@1.15.2 from lock file\nnpm ERR! \nnpm ERR! Clean install a project\nnpm ERR! \nnpm ERR! Usage:\nnpm ERR! npm ci\nnpm ERR! \nnpm ERR! Options:\nnpm ERR! [-S|--save|--no-save|--save-prod|--save-dev|--save-optional|--save-peer|--save-bundle]\nnpm ERR! [-E|--save-exact] [-g|--global]\nnpm ERR! [--install-strategy <hoisted|nested|shallow|linked>] [--legacy-bundling]\nnpm ERR! [--global-style] [--omit <dev|optional|peer> [--omit <dev|optional|peer> ...]]\nnpm ERR! [--strict-peer-deps] [--no-package-lock] [--foreground-scripts]\nnpm ERR! [--ignore-scripts] [--no-audit] [--no-bin-links] [--no-fund] [--dry-run]\nnpm ERR! [-w|--workspace <workspace-name> [-w|--workspace <workspace-name> ...]]\nnpm ERR! [-ws|--workspaces] [--include-workspace-root] [--install-links]\nnpm ERR! \nnpm ERR! aliases: clean-install, ic, install-clean, isntall-clean\nnpm ERR! \nnpm ERR! Run \"npm help ci\" for more info\n\nnpm ERR! A complete log of this run can be found in:\nnpm ERR!     /www-data-home/.npm/_logs/2023-08-20T18_31_01_880Z-debug-0.log; Error ID: beaf8772",
    "status": 3,
    "code": 3
  }
}
[debug] [2023-08-20T18:31:40.608Z] {
  "endpoint": {
    "id": "checkAccess",
    "project": "nextgensolutions",
    "region": "us-central1",
    "entryPoint": "checkAccess",
    "platform": "gcfv1",
    "runtime": "nodejs18",
    "httpsTrigger": {},
    "serviceAccount": null,
    "ingressSettings": null,
    "availableMemoryMb": null,
    "timeoutSeconds": null,
    "maxInstances": null,
    "minInstances": null,
    "vpc": null,
    "environmentVariables": {
      "FIREBASE_CONFIG": "{\"projectId\":\"nextgensolutions\",\"databaseURL\":\"https://nextgensolutions-default-rtdb.firebaseio.com\",\"storageBucket\":\"nextgensolutions.appspot.com\",\"locationId\":\"us-central\"}",
      "GCLOUD_PROJECT": "nextgensolutions",
      "EVENTARC_CLOUD_EVENT_SOURCE": "projects/nextgensolutions/locations/us-central1/functions/checkAccess"
    },
    "codebase": "default",
    "securityLevel": "SECURE_ALWAYS",
    "targetedByOnly": false,
    "hash": "94e914e15784a8f9eeaa9d6ac7718268ebbc4f05",
    "labels": {
      "deployment-tool": "cli-firebase"
    }
  },
  "op": "update",
  "original": {
    "name": "FirebaseError",
    "children": [],
    "exit": 1,
    "message": "Build failed: npm ERR! code EUSAGE\nnpm ERR! \nnpm ERR! `npm ci` can only install packages when your package.json and package-lock.json or npm-shrinkwrap.json are in sync. Please update your lock file with `npm install` before continuing.\nnpm ERR! \nnpm ERR! Missing: axios@0.25.0 from lock file\nnpm ERR! Missing: follow-redirects@1.15.2 from lock file\nnpm ERR! \nnpm ERR! Clean install a project\nnpm ERR! \nnpm ERR! Usage:\nnpm ERR! npm ci\nnpm ERR! \nnpm ERR! Options:\nnpm ERR! [-S|--save|--no-save|--save-prod|--save-dev|--save-optional|--save-peer|--save-bundle]\nnpm ERR! [-E|--save-exact] [-g|--global]\nnpm ERR! [--install-strategy <hoisted|nested|shallow|linked>] [--legacy-bundling]\nnpm ERR! [--global-style] [--omit <dev|optional|peer> [--omit <dev|optional|peer> ...]]\nnpm ERR! [--strict-peer-deps] [--no-package-lock] [--foreground-scripts]\nnpm ERR! [--ignore-scripts] [--no-audit] [--no-bin-links] [--no-fund] [--dry-run]\nnpm ERR! [-w|--workspace <workspace-name> [-w|--workspace <workspace-name> ...]]\nnpm ERR! [-ws|--workspaces] [--include-workspace-root] [--install-links]\nnpm ERR! \nnpm ERR! aliases: clean-install, ic, install-clean, isntall-clean\nnpm ERR! \nnpm ERR! Run \"npm help ci\" for more info\n\nnpm ERR! A complete log of this run can be found in:\nnpm ERR!     /www-data-home/.npm/_logs/2023-08-20T18_31_27_058Z-debug-0.log; Error ID: beaf8772",
    "status": 3,
    "code": 3
  }
}
[error] Error: There was an error deploying functions:
[error] - Error Failed to update function textToSpeech in region us-central1
[error] - Error Failed to update function checkAccess in region us-central1
